[debug] [2026-03-26T22:11:44.055Z] ----------------------------------------------------------------------
[debug] [2026-03-26T22:11:44.066Z] Command:       C:\Program Files\nodejs\node.exe C:\Users\USER\AppData\Roaming\npm\node_modules\firebase-tools\lib\bin\firebase.js deploy --only functions
[debug] [2026-03-26T22:11:44.067Z] CLI Version:   15.11.0
[debug] [2026-03-26T22:11:44.068Z] Platform:      win32
[debug] [2026-03-26T22:11:44.068Z] Node Version:  v22.20.0
[debug] [2026-03-26T22:11:44.069Z] Time:          Thu Mar 26 2026 23:11:44 GMT+0100 (West Africa Standard Time)
[debug] [2026-03-26T22:11:44.070Z] ----------------------------------------------------------------------
[debug] 
[debug] [2026-03-26T22:11:47.164Z] > command requires scopes: ["email","openid","https://www.googleapis.com/auth/cloudplatformprojects.readonly","https://www.googleapis.com/auth/firebase","https://www.googleapis.com/auth/cloud-platform"]
[debug] [2026-03-26T22:11:47.165Z] > authorizing via signed-in user (mamudajohn3@gmail.com)
[debug] [2026-03-26T22:11:47.166Z] [iam] checking project runacos-cef4c for permissions ["cloudfunctions.functions.create","cloudfunctions.functions.delete","cloudfunctions.functions.get","cloudfunctions.functions.list","cloudfunctions.functions.update","cloudfunctions.operations.get","firebase.projects.get"]
[debug] [2026-03-26T22:11:47.169Z] Checked if tokens are valid: true, expires at: 1774564257656
[debug] [2026-03-26T22:11:47.169Z] Checked if tokens are valid: true, expires at: 1774564257656
[debug] [2026-03-26T22:11:47.171Z] >>> [apiv2][query] POST https://cloudresourcemanager.googleapis.com/v1/projects/runacos-cef4c:testIamPermissions [none]
[debug] [2026-03-26T22:11:47.172Z] >>> [apiv2][(partial)header] POST https://cloudresourcemanager.googleapis.com/v1/projects/runacos-cef4c:testIamPermissions  x-goog-user-project=runacos-cef4c
[debug] [2026-03-26T22:11:47.172Z] >>> [apiv2][body] POST https://cloudresourcemanager.googleapis.com/v1/projects/runacos-cef4c:testIamPermissions {"permissions":["cloudfunctions.functions.create","cloudfunctions.functions.delete","cloudfunctions.functions.get","cloudfunctions.functions.list","cloudfunctions.functions.update","cloudfunctions.operations.get","firebase.projects.get"]}
[debug] [2026-03-26T22:11:48.186Z] <<< [apiv2][status] POST https://cloudresourcemanager.googleapis.com/v1/projects/runacos-cef4c:testIamPermissions 200
[debug] [2026-03-26T22:11:48.187Z] <<< [apiv2][body] POST https://cloudresourcemanager.googleapis.com/v1/projects/runacos-cef4c:testIamPermissions {"permissions":["cloudfunctions.functions.create","cloudfunctions.functions.delete","cloudfunctions.functions.get","cloudfunctions.functions.list","cloudfunctions.functions.update","cloudfunctions.operations.get","firebase.projects.get"]}
[debug] [2026-03-26T22:11:48.188Z] Checked if tokens are valid: true, expires at: 1774564257656
[debug] [2026-03-26T22:11:48.188Z] Checked if tokens are valid: true, expires at: 1774564257656
[debug] [2026-03-26T22:11:48.189Z] >>> [apiv2][query] POST https://iam.googleapis.com/v1/projects/runacos-cef4c/serviceAccounts/runacos-cef4c@appspot.gserviceaccount.com:testIamPermissions [none]
[debug] [2026-03-26T22:11:48.189Z] >>> [apiv2][body] POST https://iam.googleapis.com/v1/projects/runacos-cef4c/serviceAccounts/runacos-cef4c@appspot.gserviceaccount.com:testIamPermissions {"permissions":["iam.serviceAccounts.actAs"]}
[debug] [2026-03-26T22:11:49.240Z] <<< [apiv2][status] POST https://iam.googleapis.com/v1/projects/runacos-cef4c/serviceAccounts/runacos-cef4c@appspot.gserviceaccount.com:testIamPermissions 200
[debug] [2026-03-26T22:11:49.240Z] <<< [apiv2][body] POST https://iam.googleapis.com/v1/projects/runacos-cef4c/serviceAccounts/runacos-cef4c@appspot.gserviceaccount.com:testIamPermissions {"permissions":["iam.serviceAccounts.actAs"]}
[info] 
[info] === Deploying to 'runacos-cef4c'...
[info] 
[info] i  deploying functions 
[debug] [2026-03-26T22:11:49.254Z] Checked if tokens are valid: true, expires at: 1774564257656
[debug] [2026-03-26T22:11:49.254Z] Checked if tokens are valid: true, expires at: 1774564257656
[debug] [2026-03-26T22:11:49.254Z] >>> [apiv2][query] GET https://cloudresourcemanager.googleapis.com/v1/projects/runacos-cef4c [none]
[debug] [2026-03-26T22:11:49.519Z] <<< [apiv2][status] GET https://cloudresourcemanager.googleapis.com/v1/projects/runacos-cef4c 200
[debug] [2026-03-26T22:11:49.520Z] <<< [apiv2][body] GET https://cloudresourcemanager.googleapis.com/v1/projects/runacos-cef4c {"projectNumber":"889007588961","projectId":"runacos-cef4c","lifecycleState":"ACTIVE","name":"RUNACOS","labels":{"firebase":"enabled","firebase-core":"disabled"},"createTime":"2026-03-23T22:36:15.208Z"}
[info] i  functions: preparing codebase default for deployment 
[info] i  functions: ensuring required API cloudfunctions.googleapis.com is enabled... 
[info] i  functions: ensuring required API cloudbuild.googleapis.com is enabled... 
[debug] [2026-03-26T22:11:49.530Z] Checked if tokens are valid: true, expires at: 1774564257656
[debug] [2026-03-26T22:11:49.530Z] Checked if tokens are valid: true, expires at: 1774564257656
[info] i  artifactregistry: ensuring required API artifactregistry.googleapis.com is enabled... 
[debug] [2026-03-26T22:11:49.533Z] Checked if tokens are valid: true, expires at: 1774564257656
[debug] [2026-03-26T22:11:49.533Z] Checked if tokens are valid: true, expires at: 1774564257656
[debug] [2026-03-26T22:11:49.534Z] >>> [apiv2][query] GET https://serviceusage.googleapis.com/v1/projects/runacos-cef4c/services/cloudbuild.googleapis.com [none]
[debug] [2026-03-26T22:11:49.534Z] >>> [apiv2][(partial)header] GET https://serviceusage.googleapis.com/v1/projects/runacos-cef4c/services/cloudbuild.googleapis.com  x-goog-user-project=runacos-cef4c
[debug] [2026-03-26T22:11:49.540Z] >>> [apiv2][query] GET https://serviceusage.googleapis.com/v1/projects/runacos-cef4c/services/artifactregistry.googleapis.com [none]
[debug] [2026-03-26T22:11:49.540Z] >>> [apiv2][(partial)header] GET https://serviceusage.googleapis.com/v1/projects/runacos-cef4c/services/artifactregistry.googleapis.com  x-goog-user-project=runacos-cef4c
[debug] [2026-03-26T22:11:50.694Z] <<< [apiv2][status] GET https://serviceusage.googleapis.com/v1/projects/runacos-cef4c/services/cloudbuild.googleapis.com 200
[debug] [2026-03-26T22:11:50.694Z] <<< [apiv2][body] GET https://serviceusage.googleapis.com/v1/projects/runacos-cef4c/services/cloudbuild.googleapis.com [omitted]
[warn] !  functions: missing required API cloudbuild.googleapis.com. Enabling now... 
[debug] [2026-03-26T22:11:50.697Z] Checked if tokens are valid: true, expires at: 1774564257656
[debug] [2026-03-26T22:11:50.698Z] Checked if tokens are valid: true, expires at: 1774564257656
[debug] [2026-03-26T22:11:50.698Z] >>> [apiv2][query] POST https://serviceusage.googleapis.com/v1/projects/runacos-cef4c/services/cloudbuild.googleapis.com:enable [none]
[debug] [2026-03-26T22:11:50.698Z] >>> [apiv2][(partial)header] POST https://serviceusage.googleapis.com/v1/projects/runacos-cef4c/services/cloudbuild.googleapis.com:enable  x-goog-user-project=runacos-cef4c
[debug] [2026-03-26T22:11:50.719Z] <<< [apiv2][status] GET https://serviceusage.googleapis.com/v1/projects/runacos-cef4c/services/artifactregistry.googleapis.com 200
[debug] [2026-03-26T22:11:50.719Z] <<< [apiv2][body] GET https://serviceusage.googleapis.com/v1/projects/runacos-cef4c/services/artifactregistry.googleapis.com [omitted]
[warn] !  artifactregistry: missing required API artifactregistry.googleapis.com. Enabling now... 
[debug] [2026-03-26T22:11:50.721Z] Checked if tokens are valid: true, expires at: 1774564257656
[debug] [2026-03-26T22:11:50.722Z] Checked if tokens are valid: true, expires at: 1774564257656
[debug] [2026-03-26T22:11:50.722Z] >>> [apiv2][query] POST https://serviceusage.googleapis.com/v1/projects/runacos-cef4c/services/artifactregistry.googleapis.com:enable [none]
[debug] [2026-03-26T22:11:50.722Z] >>> [apiv2][(partial)header] POST https://serviceusage.googleapis.com/v1/projects/runacos-cef4c/services/artifactregistry.googleapis.com:enable  x-goog-user-project=runacos-cef4c
[debug] [2026-03-26T22:11:51.814Z] <<< [apiv2][status] POST https://serviceusage.googleapis.com/v1/projects/runacos-cef4c/services/cloudbuild.googleapis.com:enable 200
[debug] [2026-03-26T22:11:51.815Z] <<< [apiv2][body] POST https://serviceusage.googleapis.com/v1/projects/runacos-cef4c/services/cloudbuild.googleapis.com:enable [omitted]
[debug] [2026-03-26T22:11:52.040Z] <<< [apiv2][status] POST https://serviceusage.googleapis.com/v1/projects/runacos-cef4c/services/artifactregistry.googleapis.com:enable 200
[debug] [2026-03-26T22:11:52.041Z] <<< [apiv2][body] POST https://serviceusage.googleapis.com/v1/projects/runacos-cef4c/services/artifactregistry.googleapis.com:enable [omitted]
[debug] [2026-03-26T22:12:02.105Z] Checked if tokens are valid: true, expires at: 1774564257656
[debug] [2026-03-26T22:12:02.105Z] Checked if tokens are valid: true, expires at: 1774564257656
[debug] [2026-03-26T22:12:02.106Z] >>> [apiv2][query] GET https://firebase.googleapis.com/v1beta1/projects/runacos-cef4c/adminSdkConfig [none]
[debug] [2026-03-26T22:12:03.018Z] <<< [apiv2][status] GET https://firebase.googleapis.com/v1beta1/projects/runacos-cef4c/adminSdkConfig 200
[debug] [2026-03-26T22:12:03.019Z] <<< [apiv2][body] GET https://firebase.googleapis.com/v1beta1/projects/runacos-cef4c/adminSdkConfig {"projectId":"runacos-cef4c","storageBucket":"runacos-cef4c.firebasestorage.app"}
[debug] [2026-03-26T22:12:03.023Z] Customer code is not Node
[debug] [2026-03-26T22:12:03.025Z] Validating python source
[debug] [2026-03-26T22:12:03.025Z] Building python source
[info] i  functions: Loading and analyzing source code for codebase default to determine what to deploy 
[debug] [2026-03-26T22:12:03.028Z] Could not find functions.yaml. Must use http discovery
[debug] [2026-03-26T22:12:03.070Z] Running command with virtualenv: command="C:\Users\USER\Desktop\TestingAppwrite\functions\venv\Scripts\activate.bat", args=["","&&","python.exe","-c","\"import firebase_functions; import os; print(os.path.dirname(firebase_functions.__file__))\""]
[debug] [2026-03-26T22:12:03.641Z] stderr: Traceback (most recent call last):

[debug] [2026-03-26T22:12:03.653Z] stderr:   File "<string>", line 1, in <module>
    import firebase_functions; import os; print(os.path.dirname(firebase_functions.__file__))
    ^^^^^^^^^^^^^^^^^^^^^^^^^
ModuleNotFoundError: No module named 'firebase_functions'

[debug] [2026-03-26T22:12:03.821Z] Error: spawn "C:\Users\USER\Desktop\TestingAppwrite\functions\venv\Scripts\activate.bat" ENOENT
    at notFoundError (C:\Users\USER\AppData\Roaming\npm\node_modules\firebase-tools\node_modules\cross-spawn\lib\enoent.js:6:26)
    at verifyENOENT (C:\Users\USER\AppData\Roaming\npm\node_modules\firebase-tools\node_modules\cross-spawn\lib\enoent.js:40:16)
    at cp.emit (C:\Users\USER\AppData\Roaming\npm\node_modules\firebase-tools\node_modules\cross-spawn\lib\enoent.js:27:25)
    at ChildProcess._handle.onexit (node:internal/child_process:293:12)
[error] 
[error] Error: An unexpected error has occurred.
[debug] [2026-03-26T22:13:08.585Z] ----------------------------------------------------------------------
[debug] [2026-03-26T22:13:08.590Z] Command:       C:\Program Files\nodejs\node.exe C:\Users\USER\AppData\Roaming\npm\node_modules\firebase-tools\lib\bin\firebase.js deploy --only functions
[debug] [2026-03-26T22:13:08.591Z] CLI Version:   15.11.0
[debug] [2026-03-26T22:13:08.591Z] Platform:      win32
[debug] [2026-03-26T22:13:08.591Z] Node Version:  v22.20.0
[debug] [2026-03-26T22:13:08.592Z] Time:          Thu Mar 26 2026 23:13:08 GMT+0100 (West Africa Standard Time)
[debug] [2026-03-26T22:13:08.592Z] ----------------------------------------------------------------------
[debug] 
[debug] [2026-03-26T22:13:11.764Z] > command requires scopes: ["email","openid","https://www.googleapis.com/auth/cloudplatformprojects.readonly","https://www.googleapis.com/auth/firebase","https://www.googleapis.com/auth/cloud-platform"]
[debug] [2026-03-26T22:13:11.765Z] > authorizing via signed-in user (mamudajohn3@gmail.com)
[debug] [2026-03-26T22:13:11.765Z] [iam] checking project runacos-cef4c for permissions ["cloudfunctions.functions.create","cloudfunctions.functions.delete","cloudfunctions.functions.get","cloudfunctions.functions.list","cloudfunctions.functions.update","cloudfunctions.operations.get","firebase.projects.get"]
[debug] [2026-03-26T22:13:11.767Z] Checked if tokens are valid: true, expires at: 1774564257656
[debug] [2026-03-26T22:13:11.767Z] Checked if tokens are valid: true, expires at: 1774564257656
[debug] [2026-03-26T22:13:11.768Z] >>> [apiv2][query] POST https://cloudresourcemanager.googleapis.com/v1/projects/runacos-cef4c:testIamPermissions [none]
[debug] [2026-03-26T22:13:11.769Z] >>> [apiv2][(partial)header] POST https://cloudresourcemanager.googleapis.com/v1/projects/runacos-cef4c:testIamPermissions  x-goog-user-project=runacos-cef4c
[debug] [2026-03-26T22:13:11.769Z] >>> [apiv2][body] POST https://cloudresourcemanager.googleapis.com/v1/projects/runacos-cef4c:testIamPermissions {"permissions":["cloudfunctions.functions.create","cloudfunctions.functions.delete","cloudfunctions.functions.get","cloudfunctions.functions.list","cloudfunctions.functions.update","cloudfunctions.operations.get","firebase.projects.get"]}
[debug] [2026-03-26T22:13:12.804Z] <<< [apiv2][status] POST https://cloudresourcemanager.googleapis.com/v1/projects/runacos-cef4c:testIamPermissions 200
[debug] [2026-03-26T22:13:12.804Z] <<< [apiv2][body] POST https://cloudresourcemanager.googleapis.com/v1/projects/runacos-cef4c:testIamPermissions {"permissions":["cloudfunctions.functions.create","cloudfunctions.functions.delete","cloudfunctions.functions.get","cloudfunctions.functions.list","cloudfunctions.functions.update","cloudfunctions.operations.get","firebase.projects.get"]}
[debug] [2026-03-26T22:13:12.805Z] Checked if tokens are valid: true, expires at: 1774564257656
[debug] [2026-03-26T22:13:12.806Z] Checked if tokens are valid: true, expires at: 1774564257656
[debug] [2026-03-26T22:13:12.806Z] >>> [apiv2][query] POST https://iam.googleapis.com/v1/projects/runacos-cef4c/serviceAccounts/runacos-cef4c@appspot.gserviceaccount.com:testIamPermissions [none]
[debug] [2026-03-26T22:13:12.806Z] >>> [apiv2][body] POST https://iam.googleapis.com/v1/projects/runacos-cef4c/serviceAccounts/runacos-cef4c@appspot.gserviceaccount.com:testIamPermissions {"permissions":["iam.serviceAccounts.actAs"]}
[debug] [2026-03-26T22:13:13.769Z] <<< [apiv2][status] POST https://iam.googleapis.com/v1/projects/runacos-cef4c/serviceAccounts/runacos-cef4c@appspot.gserviceaccount.com:testIamPermissions 200
[debug] [2026-03-26T22:13:13.770Z] <<< [apiv2][body] POST https://iam.googleapis.com/v1/projects/runacos-cef4c/serviceAccounts/runacos-cef4c@appspot.gserviceaccount.com:testIamPermissions {"permissions":["iam.serviceAccounts.actAs"]}
[info] 
[info] === Deploying to 'runacos-cef4c'...
[info] 
[info] i  deploying functions 
[debug] [2026-03-26T22:13:13.785Z] Checked if tokens are valid: true, expires at: 1774564257656
[debug] [2026-03-26T22:13:13.785Z] Checked if tokens are valid: true, expires at: 1774564257656
[debug] [2026-03-26T22:13:13.786Z] >>> [apiv2][query] GET https://cloudresourcemanager.googleapis.com/v1/projects/runacos-cef4c [none]
[debug] [2026-03-26T22:13:14.079Z] <<< [apiv2][status] GET https://cloudresourcemanager.googleapis.com/v1/projects/runacos-cef4c 200
[debug] [2026-03-26T22:13:14.080Z] <<< [apiv2][body] GET https://cloudresourcemanager.googleapis.com/v1/projects/runacos-cef4c {"projectNumber":"889007588961","projectId":"runacos-cef4c","lifecycleState":"ACTIVE","name":"RUNACOS","labels":{"firebase":"enabled","firebase-core":"disabled"},"createTime":"2026-03-23T22:36:15.208Z"}
[info] i  functions: preparing codebase default for deployment 
[info] i  functions: ensuring required API cloudfunctions.googleapis.com is enabled... 
[info] i  functions: ensuring required API cloudbuild.googleapis.com is enabled... 
[info] i  artifactregistry: ensuring required API artifactregistry.googleapis.com is enabled... 
[debug] [2026-03-26T22:13:14.091Z] Checked if tokens are valid: true, expires at: 1774564257656
[debug] [2026-03-26T22:13:14.091Z] Checked if tokens are valid: true, expires at: 1774564257656
[debug] [2026-03-26T22:13:14.091Z] >>> [apiv2][query] GET https://firebase.googleapis.com/v1beta1/projects/runacos-cef4c/adminSdkConfig [none]
[debug] [2026-03-26T22:13:15.037Z] <<< [apiv2][status] GET https://firebase.googleapis.com/v1beta1/projects/runacos-cef4c/adminSdkConfig 200
[debug] [2026-03-26T22:13:15.037Z] <<< [apiv2][body] GET https://firebase.googleapis.com/v1beta1/projects/runacos-cef4c/adminSdkConfig {"projectId":"runacos-cef4c","storageBucket":"runacos-cef4c.firebasestorage.app"}
[debug] [2026-03-26T22:13:15.041Z] Customer code is not Node
[debug] [2026-03-26T22:13:15.042Z] Validating python source
[debug] [2026-03-26T22:13:15.043Z] Building python source
[info] i  functions: Loading and analyzing source code for codebase default to determine what to deploy 
[debug] [2026-03-26T22:13:15.046Z] Could not find functions.yaml. Must use http discovery
[debug] [2026-03-26T22:13:15.093Z] Running command with virtualenv: command="C:\Users\USER\Desktop\TestingAppwrite\functions\venv\Scripts\activate.bat", args=["","&&","python.exe","-c","\"import firebase_functions; import os; print(os.path.dirname(firebase_functions.__file__))\""]
[debug] [2026-03-26T22:13:15.604Z] stderr: Traceback (most recent call last):

[debug] [2026-03-26T22:13:15.618Z] stderr:   File "<string>", line 1, in <module>
    import firebase_functions; import os; print(os.path.dirname(firebase_functions.__file__))
    ^^^^^^^^^^^^^^^^^^^^^^^^^
ModuleNotFoundError: No module named 'firebase_functions'

[debug] [2026-03-26T22:13:16.047Z] Error: spawn "C:\Users\USER\Desktop\TestingAppwrite\functions\venv\Scripts\activate.bat" ENOENT
    at notFoundError (C:\Users\USER\AppData\Roaming\npm\node_modules\firebase-tools\node_modules\cross-spawn\lib\enoent.js:6:26)
    at verifyENOENT (C:\Users\USER\AppData\Roaming\npm\node_modules\firebase-tools\node_modules\cross-spawn\lib\enoent.js:40:16)
    at cp.emit (C:\Users\USER\AppData\Roaming\npm\node_modules\firebase-tools\node_modules\cross-spawn\lib\enoent.js:27:25)
    at ChildProcess._handle.onexit (node:internal/child_process:293:12)
[error] 
[error] Error: An unexpected error has occurred.
