[debug] [2026-04-02T09:21:14.413Z] ----------------------------------------------------------------------
[debug] [2026-04-02T09:21:14.426Z] Command:       C:\Program Files\nodejs\node.exe C:\Users\USER\AppData\Roaming\npm\node_modules\firebase-tools\lib\bin\firebase.js deploy --only functions
[debug] [2026-04-02T09:21:14.428Z] CLI Version:   15.11.0
[debug] [2026-04-02T09:21:14.428Z] Platform:      win32
[debug] [2026-04-02T09:21:14.429Z] Node Version:  v22.20.0
[debug] [2026-04-02T09:21:14.430Z] Time:          Thu Apr 02 2026 10:21:14 GMT+0100 (West Africa Standard Time)
[debug] [2026-04-02T09:21:14.431Z] ----------------------------------------------------------------------
[debug] 
[debug] [2026-04-02T09:21:17.817Z] > command requires scopes: ["email","openid","https://www.googleapis.com/auth/cloudplatformprojects.readonly","https://www.googleapis.com/auth/firebase","https://www.googleapis.com/auth/cloud-platform"]
[debug] [2026-04-02T09:21:17.818Z] > authorizing via signed-in user (mamudajohn3@gmail.com)
[debug] [2026-04-02T09:21:17.819Z] [iam] checking project runacos-cef4c for permissions ["cloudfunctions.functions.create","cloudfunctions.functions.delete","cloudfunctions.functions.get","cloudfunctions.functions.list","cloudfunctions.functions.update","cloudfunctions.operations.get","firebase.projects.get"]
[debug] [2026-04-02T09:21:17.822Z] Checked if tokens are valid: false, expires at: 1775122080543
[debug] [2026-04-02T09:21:17.822Z] Checked if tokens are valid: false, expires at: 1775122080543
[debug] [2026-04-02T09:21:17.822Z] > refreshing access token with scopes: []
[debug] [2026-04-02T09:21:17.828Z] >>> [apiv2][query] POST https://www.googleapis.com/oauth2/v3/token [none]
[debug] [2026-04-02T09:21:17.828Z] >>> [apiv2][body] POST https://www.googleapis.com/oauth2/v3/token [omitted]
[debug] [2026-04-02T09:21:18.605Z] <<< [apiv2][status] POST https://www.googleapis.com/oauth2/v3/token 200
[debug] [2026-04-02T09:21:18.607Z] <<< [apiv2][body] POST https://www.googleapis.com/oauth2/v3/token [omitted]
[debug] [2026-04-02T09:21:18.690Z] >>> [apiv2][query] POST https://cloudresourcemanager.googleapis.com/v1/projects/runacos-cef4c:testIamPermissions [none]
[debug] [2026-04-02T09:21:18.690Z] >>> [apiv2][(partial)header] POST https://cloudresourcemanager.googleapis.com/v1/projects/runacos-cef4c:testIamPermissions  x-goog-user-project=runacos-cef4c
[debug] [2026-04-02T09:21:18.691Z] >>> [apiv2][body] POST https://cloudresourcemanager.googleapis.com/v1/projects/runacos-cef4c:testIamPermissions {"permissions":["cloudfunctions.functions.create","cloudfunctions.functions.delete","cloudfunctions.functions.get","cloudfunctions.functions.list","cloudfunctions.functions.update","cloudfunctions.operations.get","firebase.projects.get"]}
[debug] [2026-04-02T09:21:19.587Z] <<< [apiv2][status] POST https://cloudresourcemanager.googleapis.com/v1/projects/runacos-cef4c:testIamPermissions 200
[debug] [2026-04-02T09:21:19.588Z] <<< [apiv2][body] POST https://cloudresourcemanager.googleapis.com/v1/projects/runacos-cef4c:testIamPermissions {"permissions":["cloudfunctions.functions.create","cloudfunctions.functions.delete","cloudfunctions.functions.get","cloudfunctions.functions.list","cloudfunctions.functions.update","cloudfunctions.operations.get","firebase.projects.get"]}
[debug] [2026-04-02T09:21:19.589Z] Checked if tokens are valid: true, expires at: 1775125277608
[debug] [2026-04-02T09:21:19.589Z] Checked if tokens are valid: true, expires at: 1775125277608
[debug] [2026-04-02T09:21:19.590Z] >>> [apiv2][query] POST https://iam.googleapis.com/v1/projects/runacos-cef4c/serviceAccounts/runacos-cef4c@appspot.gserviceaccount.com:testIamPermissions [none]
[debug] [2026-04-02T09:21:19.590Z] >>> [apiv2][body] POST https://iam.googleapis.com/v1/projects/runacos-cef4c/serviceAccounts/runacos-cef4c@appspot.gserviceaccount.com:testIamPermissions {"permissions":["iam.serviceAccounts.actAs"]}
[debug] [2026-04-02T09:21:21.140Z] <<< [apiv2][status] POST https://iam.googleapis.com/v1/projects/runacos-cef4c/serviceAccounts/runacos-cef4c@appspot.gserviceaccount.com:testIamPermissions 200
[debug] [2026-04-02T09:21:21.140Z] <<< [apiv2][body] POST https://iam.googleapis.com/v1/projects/runacos-cef4c/serviceAccounts/runacos-cef4c@appspot.gserviceaccount.com:testIamPermissions {"permissions":["iam.serviceAccounts.actAs"]}
[info] 
[info] === Deploying to 'runacos-cef4c'...
[info] 
[info] i  deploying functions 
[debug] [2026-04-02T09:21:21.161Z] Checked if tokens are valid: true, expires at: 1775125277608
[debug] [2026-04-02T09:21:21.162Z] Checked if tokens are valid: true, expires at: 1775125277608
[debug] [2026-04-02T09:21:21.163Z] >>> [apiv2][query] GET https://cloudresourcemanager.googleapis.com/v1/projects/runacos-cef4c [none]
[debug] [2026-04-02T09:21:21.567Z] <<< [apiv2][status] GET https://cloudresourcemanager.googleapis.com/v1/projects/runacos-cef4c 200
[debug] [2026-04-02T09:21:21.568Z] <<< [apiv2][body] GET https://cloudresourcemanager.googleapis.com/v1/projects/runacos-cef4c {"projectNumber":"889007588961","projectId":"runacos-cef4c","lifecycleState":"ACTIVE","name":"RUNACOS","labels":{"firebase":"enabled","firebase-core":"disabled"},"createTime":"2026-03-23T22:36:15.208Z"}
[info] i  functions: preparing codebase default for deployment 
[info] i  functions: ensuring required API cloudfunctions.googleapis.com is enabled... 
[info] i  functions: ensuring required API cloudbuild.googleapis.com is enabled... 
[info] i  artifactregistry: ensuring required API artifactregistry.googleapis.com is enabled... 
[debug] [2026-04-02T09:21:21.580Z] Checked if tokens are valid: true, expires at: 1775125277608
[debug] [2026-04-02T09:21:21.580Z] Checked if tokens are valid: true, expires at: 1775125277608
[debug] [2026-04-02T09:21:21.581Z] >>> [apiv2][query] GET https://firebase.googleapis.com/v1beta1/projects/runacos-cef4c/adminSdkConfig [none]
[debug] [2026-04-02T09:21:22.835Z] <<< [apiv2][status] GET https://firebase.googleapis.com/v1beta1/projects/runacos-cef4c/adminSdkConfig 200
[debug] [2026-04-02T09:21:22.836Z] <<< [apiv2][body] GET https://firebase.googleapis.com/v1beta1/projects/runacos-cef4c/adminSdkConfig {"projectId":"runacos-cef4c","storageBucket":"runacos-cef4c.firebasestorage.app"}
[debug] [2026-04-02T09:21:22.840Z] Customer code is not Node
[debug] [2026-04-02T09:21:22.842Z] Validating python source
[debug] [2026-04-02T09:21:22.843Z] Building python source
[info] i  functions: Loading and analyzing source code for codebase default to determine what to deploy 
[debug] [2026-04-02T09:21:22.846Z] Could not find functions.yaml. Must use http discovery
[debug] [2026-04-02T09:21:22.884Z] Running command with virtualenv: command="C:\Users\USER\Desktop\TestingAppwrite\functions\venv\Scripts\activate.bat", args=["","&&","python.exe","-c","\"import firebase_functions; import os; print(os.path.dirname(firebase_functions.__file__))\""]
[debug] [2026-04-02T09:21:23.433Z] stdout: C:\Users\USER\Desktop\TestingAppwrite\functions\venv\Lib\site-packages\firebase_functions

[debug] [2026-04-02T09:21:23.470Z] Running admin server with args: ["python.exe","\"C:\\Users\\USER\\Desktop\\TestingAppwrite\\functions\\venv\\Lib\\site-packages\\firebase_functions\\private\\serving.py\""] and env: {"FIREBASE_CONFIG":"{\"projectId\":\"runacos-cef4c\",\"storageBucket\":\"runacos-cef4c.firebasestorage.app\"}","GCLOUD_PROJECT":"runacos-cef4c","GOOGLE_CLOUD_QUOTA_PROJECT":"runacos-cef4c","ADMIN_PORT":"8081"} in C:\Users\USER\Desktop\TestingAppwrite\functions
[debug] [2026-04-02T09:21:23.470Z] Running command with virtualenv: command="C:\Users\USER\Desktop\TestingAppwrite\functions\venv\Scripts\activate.bat", args=["","&&","python.exe","\"C:\\Users\\USER\\Desktop\\TestingAppwrite\\functions\\venv\\Lib\\site-packages\\firebase_functions\\private\\serving.py\""]
[info]  * Serving Flask app 'serving'
 * Debug mode: off

[error] WARNING: This is a development server. Do not use it in a production deployment. Use a production WSGI server instead.
 * Running on http://127.0.0.1:8081

[error] Press CTRL+C to quit

[error] 127.0.0.1 - - [02/Apr/2026 10:21:27] "GET /__/functions.yaml HTTP/1.1" 200 -

[debug] [2026-04-02T09:21:27.772Z] Got response from /__/functions.yaml endpoints:
  send_admin_email_event_creation:
    availableMemoryMb: null
    concurrency: null
    entryPoint: send_admin_email_event_creation
    eventTrigger:
      eventFilterPathPatterns:
        document: events/{id}
      eventFilters:
        database: (default)
        namespace: (default)
      eventType: google.cloud.firestore.document.v1.created
      retry: false
    ingressSettings: null
    labels: {}
    maxInstances: null
    minInstances: null
    platform: gcfv2
    secretEnvironmentVariables:
    - key: RESEND_API_KEY
    serviceAccountEmail: null
    timeoutSeconds: null
  send_admin_email_fault_creation:
    availableMemoryMb: null
    concurrency: null
    entryPoint: send_admin_email_fault_creation
    eventTrigger:
      eventFilterPathPatterns:
        document: faultReporting/{id}
      eventFilters:
        database: (default)
        namespace: (default)
      eventType: google.cloud.firestore.document.v1.created
      retry: false
    ingressSettings: null
    labels: {}
    maxInstances: null
    minInstances: null
    platform: gcfv2
    secretEnvironmentVariables:
    - key: RESEND_API_KEY
    serviceAccountEmail: null
    timeoutSeconds: null
params: []
requiredAPIs: []
specVersion: v1alpha1

[error] 127.0.0.1 - - [02/Apr/2026 10:21:27] "GET /__/quitquitquit HTTP/1.1" 200 -

[info] i  functions: preparing functions directory for uploading... 
[info] i  functions: packaged C:\Users\USER\Desktop\TestingAppwrite\functions (3.55 KB) for uploading 
[debug] [2026-04-02T09:21:27.923Z] Checked if tokens are valid: true, expires at: 1775125277608
[debug] [2026-04-02T09:21:27.923Z] Checked if tokens are valid: true, expires at: 1775125277608
[debug] [2026-04-02T09:21:27.923Z] >>> [apiv2][query] GET https://cloudfunctions.googleapis.com/v1/projects/runacos-cef4c/locations/-/functions [none]
[debug] [2026-04-02T09:21:29.173Z] <<< [apiv2][status] GET https://cloudfunctions.googleapis.com/v1/projects/runacos-cef4c/locations/-/functions 200
[debug] [2026-04-02T09:21:29.174Z] <<< [apiv2][body] GET https://cloudfunctions.googleapis.com/v1/projects/runacos-cef4c/locations/-/functions {}
[debug] [2026-04-02T09:21:29.176Z] Checked if tokens are valid: true, expires at: 1775125277608
[debug] [2026-04-02T09:21:29.176Z] Checked if tokens are valid: true, expires at: 1775125277608
[debug] [2026-04-02T09:21:29.177Z] >>> [apiv2][query] GET https://cloudfunctions.googleapis.com/v2/projects/runacos-cef4c/locations/-/functions filter=environment%3D%22GEN_2%22
[debug] [2026-04-02T09:21:30.299Z] <<< [apiv2][status] GET https://cloudfunctions.googleapis.com/v2/projects/runacos-cef4c/locations/-/functions 200
[debug] [2026-04-02T09:21:30.300Z] <<< [apiv2][body] GET https://cloudfunctions.googleapis.com/v2/projects/runacos-cef4c/locations/-/functions {"functions":[{"name":"projects/runacos-cef4c/locations/us-central1/functions/send_subs_email_newsletter_creation","buildConfig":{"build":"projects/889007588961/locations/us-central1/builds/2270d57c-dd06-42b8-b4ec-96220c718408","runtime":"python313","entryPoint":"send_subs_email_newsletter_creation","source":{"storageSource":{"bucket":"gcf-v2-sources-889007588961-us-central1","object":"send_subs_email_newsletter_creation/function-source.zip","generation":"1775118761569402"}},"environmentVariables":{"GOOGLE_NODE_RUN_SCRIPTS":""},"dockerRepository":"projects/runacos-cef4c/locations/us-central1/repositories/gcf-artifacts","sourceProvenance":{"resolvedStorageSource":{"bucket":"gcf-v2-sources-889007588961-us-central1","object":"send_subs_email_newsletter_creation/function-source.zip","generation":"1775118761569402"}},"dockerRegistry":"ARTIFACT_REGISTRY","serviceAccount":"projects/runacos-cef4c/serviceAccounts/889007588961-compute@developer.gserviceaccount.com","automaticUpdatePolicy":{}},"serviceConfig":{"service":"projects/runacos-cef4c/locations/us-central1/services/send-subs-email-newsletter-creation","timeoutSeconds":60,"environmentVariables":{"FIREBASE_CONFIG":"{\"projectId\":\"runacos-cef4c\",\"storageBucket\":\"runacos-cef4c.firebasestorage.app\"}","GCLOUD_PROJECT":"runacos-cef4c","EVENTARC_CLOUD_EVENT_SOURCE":"projects/runacos-cef4c/locations/us-central1/services/send_subs_email_newsletter_creation","FUNCTION_SIGNATURE_TYPE":"cloudevent","FUNCTION_TARGET":"send_subs_email_newsletter_creation","LOG_EXECUTION_ID":"true"},"ingressSettings":"ALLOW_ALL","uri":"https://send-subs-email-newsletter-creation-gftrultv5a-uc.a.run.app","serviceAccountEmail":"889007588961-compute@developer.gserviceaccount.com","availableMemory":"256Mi","allTrafficOnLatestRevision":true,"secretEnvironmentVariables":[{"key":"RESEND_API_KEY","projectId":"runacos-cef4c","secret":"RESEND_API_KEY","version":"2"}],"revision":"send-subs-email-newsletter-creation-00001-xel","maxInstanceRequestConcurrency":80,"availableCpu":"1"},"eventTrigger":{"trigger":"projects/runacos-cef4c/locations/us-east1/triggers/send-subs-email-newsletter-creation-045446","triggerRegion":"us-east1","eventType":"google.cloud.firestore.document.v1.created","eventFilters":[{"attribute":"document","value":"posts/{id}","operator":"match-path-pattern"},{"attribute":"database","value":"(default)"},{"attribute":"namespace","value":"(default)"}],"pubsubTopic":"projects/runacos-cef4c/topics/eventarc-us-east1-send-subs-email-newsletter-creation-045446-698","serviceAccountEmail":"889007588961-compute@developer.gserviceaccount.com","retryPolicy":"RETRY_POLICY_DO_NOT_RETRY"},"state":"ACTIVE","updateTime":"2026-04-02T08:34:06.899783294Z","labels":{"deployment-tool":"cli-firebase","firebase-functions-hash":"c48da3fcc25a6bdf39661675e6974ec810877558"},"environment":"GEN_2","url":"https://us-central1-runacos-cef4c.cloudfunctions.net/send_subs_email_newsletter_creation","createTime":"2026-04-02T08:32:42.054008043Z","satisfiesPzi":true},{"name":"projects/runacos-cef4c/locations/us-central1/functions/send_admin_email_event_creation","buildConfig":{"build":"projects/889007588961/locations/us-central1/builds/21796773-93f9-45c5-984a-3f1267dfe826","runtime":"python313","entryPoint":"send_admin_email_event_creation","source":{"storageSource":{"bucket":"gcf-v2-sources-889007588961-us-central1","object":"send_admin_email_event_creation/function-source.zip","generation":"1775096890115188"}},"environmentVariables":{"GOOGLE_NODE_RUN_SCRIPTS":""},"dockerRepository":"projects/runacos-cef4c/locations/us-central1/repositories/gcf-artifacts","sourceProvenance":{"resolvedStorageSource":{"bucket":"gcf-v2-sources-889007588961-us-central1","object":"send_admin_email_event_creation/function-source.zip","generation":"1775096890115188"}},"dockerRegistry":"ARTIFACT_REGISTRY","serviceAccount":"projects/runacos-cef4c/serviceAccounts/889007588961-compute@developer.gserviceaccount.com","automaticUpdatePolicy":{}},"serviceConfig":{"service":"projects/runacos-cef4c/locations/us-central1/services/send-admin-email-event-creation","timeoutSeconds":60,"environmentVariables":{"FIREBASE_CONFIG":"{\"projectId\":\"runacos-cef4c\",\"storageBucket\":\"runacos-cef4c.firebasestorage.app\"}","GCLOUD_PROJECT":"runacos-cef4c","EVENTARC_CLOUD_EVENT_SOURCE":"projects/runacos-cef4c/locations/us-central1/services/send_admin_email_event_creation","FUNCTION_SIGNATURE_TYPE":"cloudevent","FUNCTION_TARGET":"send_admin_email_event_creation","LOG_EXECUTION_ID":"true"},"maxInstanceCount":20,"ingressSettings":"ALLOW_ALL","uri":"https://send-admin-email-event-creation-gftrultv5a-uc.a.run.app","serviceAccountEmail":"889007588961-compute@developer.gserviceaccount.com","availableMemory":"256Mi","allTrafficOnLatestRevision":true,"secretEnvironmentVariables":[{"key":"RESEND_API_KEY","projectId":"runacos-cef4c","secret":"RESEND_API_KEY","version":"2"}],"revision":"send-admin-email-event-creation-00003-wud","maxInstanceRequestConcurrency":80,"availableCpu":"1"},"eventTrigger":{"trigger":"projects/runacos-cef4c/locations/us-east1/triggers/send-admin-email-event-creation-783853","triggerRegion":"us-east1","eventType":"google.cloud.firestore.document.v1.created","eventFilters":[{"attribute":"document","value":"events/{id}","operator":"match-path-pattern"},{"attribute":"database","value":"(default)"},{"attribute":"namespace","value":"(default)"}],"pubsubTopic":"projects/runacos-cef4c/topics/eventarc-us-east1-send-admin-email-event-creation-783853-694","serviceAccountEmail":"889007588961-compute@developer.gserviceaccount.com","retryPolicy":"RETRY_POLICY_DO_NOT_RETRY"},"state":"ACTIVE","updateTime":"2026-04-02T02:29:01.815399239Z","labels":{"deployment-tool":"cli-firebase","firebase-functions-hash":"9e64a14e019a7d1ecf959b2b07d96762edf4283f"},"environment":"GEN_2","url":"https://us-central1-runacos-cef4c.cloudfunctions.net/send_admin_email_event_creation","createTime":"2026-04-01T12:10:57.414740569Z","satisfiesPzi":true},{"name":"projects/runacos-cef4c/locations/us-central1/functions/send_admin_email_fault_creation","buildConfig":{"build":"projects/889007588961/locations/us-central1/builds/2270d57c-dd06-42b8-b4ec-96220c718408","runtime":"python313","entryPoint":"send_admin_email_fault_creation","source":{"storageSource":{"bucket":"gcf-v2-sources-889007588961-us-central1","object":"send_admin_email_fault_creation/function-source.zip","generation":"1775118833764572"}},"environmentVariables":{"GOOGLE_NODE_RUN_SCRIPTS":""},"dockerRepository":"projects/runacos-cef4c/locations/us-central1/repositories/gcf-artifacts","sourceProvenance":{"resolvedStorageSource":{"bucket":"gcf-v2-sources-889007588961-us-central1","object":"send_admin_email_fault_creation/function-source.zip","generation":"1775118833764572"}},"dockerRegistry":"ARTIFACT_REGISTRY","serviceAccount":"projects/runacos-cef4c/serviceAccounts/889007588961-compute@developer.gserviceaccount.com","automaticUpdatePolicy":{}},"serviceConfig":{"service":"projects/runacos-cef4c/locations/us-central1/services/send-admin-email-fault-creation","timeoutSeconds":60,"environmentVariables":{"FIREBASE_CONFIG":"{\"projectId\":\"runacos-cef4c\",\"storageBucket\":\"runacos-cef4c.firebasestorage.app\"}","GCLOUD_PROJECT":"runacos-cef4c","EVENTARC_CLOUD_EVENT_SOURCE":"projects/runacos-cef4c/locations/us-central1/services/send_admin_email_fault_creation","FUNCTION_SIGNATURE_TYPE":"cloudevent","FUNCTION_TARGET":"send_admin_email_fault_creation","LOG_EXECUTION_ID":"true"},"maxInstanceCount":20,"ingressSettings":"ALLOW_ALL","uri":"https://send-admin-email-fault-creation-gftrultv5a-uc.a.run.app","serviceAccountEmail":"889007588961-compute@developer.gserviceaccount.com","availableMemory":"256Mi","allTrafficOnLatestRevision":true,"secretEnvironmentVariables":[{"key":"RESEND_API_KEY","projectId":"runacos-cef4c","secret":"RESEND_API_KEY","version":"2"}],"revision":"send-admin-email-fault-creation-00009-taw","maxInstanceRequestConcurrency":80,"availableCpu":"1"},"eventTrigger":{"trigger":"projects/runacos-cef4c/locations/us-east1/triggers/send-admin-email-fault-creation-961926","triggerRegion":"us-east1","eventType":"google.cloud.firestore.document.v1.created","eventFilters":[{"attribute":"namespace","value":"(default)"},{"attribute":"document","value":"faultReporting/{id}","operator":"match-path-pattern"},{"attribute":"database","value":"(default)"}],"pubsubTopic":"projects/runacos-cef4c/topics/eventarc-us-east1-send-admin-email-fault-creation-961926-513","serviceAccountEmail":"889007588961-compute@developer.gserviceaccount.com","retryPolicy":"RETRY_POLICY_DO_NOT_RETRY"},"state":"ACTIVE","updateTime":"2026-04-02T08:34:10.902652830Z","labels":{"deployment-tool":"cli-firebase","firebase-functions-hash":"c48da3fcc25a6bdf39661675e6974ec810877558"},"environment":"GEN_2","url":"https://us-central1-runacos-cef4c.cloudfunctions.net/send_admin_email_fault_creation","createTime":"2026-03-26T23:22:01.515075771Z","satisfiesPzi":true}]}
[debug] [2026-04-02T09:21:30.308Z] Checked if tokens are valid: true, expires at: 1775125277608
[debug] [2026-04-02T09:21:30.308Z] Checked if tokens are valid: true, expires at: 1775125277608
[debug] [2026-04-02T09:21:30.309Z] >>> [apiv2][query] GET https://firestore.googleapis.com/v1/projects/runacos-cef4c/databases/(default) [none]
[debug] [2026-04-02T09:21:31.943Z] <<< [apiv2][status] GET https://firestore.googleapis.com/v1/projects/runacos-cef4c/databases/(default) 200
[debug] [2026-04-02T09:21:31.944Z] <<< [apiv2][body] GET https://firestore.googleapis.com/v1/projects/runacos-cef4c/databases/(default) {"name":"projects/runacos-cef4c/databases/(default)","uid":"a280a1f7-6a10-4dcc-a19e-7a960050c8ba","createTime":"2026-03-23T22:38:19.739048Z","updateTime":"2026-03-23T22:38:19.739048Z","locationId":"us-east1","type":"FIRESTORE_NATIVE","concurrencyMode":"PESSIMISTIC","versionRetentionPeriod":"3600s","earliestVersionTime":"2026-04-02T08:21:32.328165Z","appEngineIntegrationMode":"DISABLED","keyPrefix":"p","pointInTimeRecoveryEnablement":"POINT_IN_TIME_RECOVERY_DISABLED","deleteProtectionState":"DELETE_PROTECTION_DISABLED","databaseEdition":"STANDARD","freeTier":true,"realtimeUpdatesMode":"REALTIME_UPDATES_MODE_ENABLED","etag":"ILb4nc/rzpMDMKLa2Yz4t5MD"}
[info] i  functions: ensuring required API run.googleapis.com is enabled... 
[info] i  functions: ensuring required API eventarc.googleapis.com is enabled... 
[info] i  functions: ensuring required API pubsub.googleapis.com is enabled... 
[info] i  functions: ensuring required API storage.googleapis.com is enabled... 
[info] i  functions: generating the service identity for pubsub.googleapis.com... 
[debug] [2026-04-02T09:21:31.958Z] Checked if tokens are valid: true, expires at: 1775125277608
[debug] [2026-04-02T09:21:31.958Z] Checked if tokens are valid: true, expires at: 1775125277608
[info] i  functions: generating the service identity for eventarc.googleapis.com... 
[debug] [2026-04-02T09:21:31.959Z] Checked if tokens are valid: true, expires at: 1775125277608
[debug] [2026-04-02T09:21:31.959Z] Checked if tokens are valid: true, expires at: 1775125277608
[debug] [2026-04-02T09:21:31.960Z] >>> [apiv2][query] POST https://serviceusage.googleapis.com/v1beta1/projects/889007588961/services/pubsub.googleapis.com:generateServiceIdentity [none]
[debug] [2026-04-02T09:21:31.960Z] >>> [apiv2][(partial)header] POST https://serviceusage.googleapis.com/v1beta1/projects/889007588961/services/pubsub.googleapis.com:generateServiceIdentity  x-goog-user-project=889007588961
[debug] [2026-04-02T09:21:31.960Z] >>> [apiv2][body] POST https://serviceusage.googleapis.com/v1beta1/projects/889007588961/services/pubsub.googleapis.com:generateServiceIdentity {}
[debug] [2026-04-02T09:21:31.965Z] >>> [apiv2][query] POST https://serviceusage.googleapis.com/v1beta1/projects/889007588961/services/eventarc.googleapis.com:generateServiceIdentity [none]
[debug] [2026-04-02T09:21:31.966Z] >>> [apiv2][(partial)header] POST https://serviceusage.googleapis.com/v1beta1/projects/889007588961/services/eventarc.googleapis.com:generateServiceIdentity  x-goog-user-project=889007588961
[debug] [2026-04-02T09:21:31.966Z] >>> [apiv2][body] POST https://serviceusage.googleapis.com/v1beta1/projects/889007588961/services/eventarc.googleapis.com:generateServiceIdentity {}
[debug] [2026-04-02T09:21:33.660Z] <<< [apiv2][status] POST https://serviceusage.googleapis.com/v1beta1/projects/889007588961/services/pubsub.googleapis.com:generateServiceIdentity 200
[debug] [2026-04-02T09:21:33.661Z] <<< [apiv2][body] POST https://serviceusage.googleapis.com/v1beta1/projects/889007588961/services/pubsub.googleapis.com:generateServiceIdentity {"name":"operations/finished.DONE_OPERATION","done":true,"response":{"@type":"type.googleapis.com/google.api.serviceusage.v1beta1.ServiceIdentity","email":"service-889007588961@gcp-sa-pubsub.iam.gserviceaccount.com","uniqueId":"102750603473422808942"}}
[debug] [2026-04-02T09:21:33.665Z] <<< [apiv2][status] POST https://serviceusage.googleapis.com/v1beta1/projects/889007588961/services/eventarc.googleapis.com:generateServiceIdentity 200
[debug] [2026-04-02T09:21:33.666Z] <<< [apiv2][body] POST https://serviceusage.googleapis.com/v1beta1/projects/889007588961/services/eventarc.googleapis.com:generateServiceIdentity {"name":"operations/finished.DONE_OPERATION","done":true,"response":{"@type":"type.googleapis.com/google.api.serviceusage.v1beta1.ServiceIdentity","email":"service-889007588961@gcp-sa-eventarc.iam.gserviceaccount.com","uniqueId":"101608109243861407834"}}
[info] i  functions: ensuring required API secretmanager.googleapis.com is enabled... 
[debug] [2026-04-02T09:21:33.674Z] Checked if tokens are valid: true, expires at: 1775125277608
[debug] [2026-04-02T09:21:33.675Z] Checked if tokens are valid: true, expires at: 1775125277608
[debug] [2026-04-02T09:21:33.676Z] >>> [apiv2][query] GET https://secretmanager.googleapis.com/v1/projects/runacos-cef4c/secrets/RESEND_API_KEY/versions/latest [none]
[debug] [2026-04-02T09:21:34.520Z] <<< [apiv2][status] GET https://secretmanager.googleapis.com/v1/projects/runacos-cef4c/secrets/RESEND_API_KEY/versions/latest 200
[debug] [2026-04-02T09:21:34.520Z] <<< [apiv2][body] GET https://secretmanager.googleapis.com/v1/projects/runacos-cef4c/secrets/RESEND_API_KEY/versions/latest {"name":"projects/889007588961/secrets/RESEND_API_KEY/versions/2","createTime":"2026-04-01T12:14:32.487164Z","state":"ENABLED","replicationStatus":{"automatic":{}},"etag":"\"164e6506c4c8fc\""}
[debug] [2026-04-02T09:21:34.521Z] Resolved secret version of RESEND_API_KEY to 2.
[debug] [2026-04-02T09:21:34.525Z] Checked if tokens are valid: true, expires at: 1775125277608
[debug] [2026-04-02T09:21:34.525Z] Checked if tokens are valid: true, expires at: 1775125277608
[debug] [2026-04-02T09:21:34.525Z] >>> [apiv2][query] GET https://cloudresourcemanager.googleapis.com/v1/projects/runacos-cef4c [none]
[debug] [2026-04-02T09:21:35.637Z] <<< [apiv2][status] GET https://cloudresourcemanager.googleapis.com/v1/projects/runacos-cef4c 200
[debug] [2026-04-02T09:21:35.637Z] <<< [apiv2][body] GET https://cloudresourcemanager.googleapis.com/v1/projects/runacos-cef4c {"projectNumber":"889007588961","projectId":"runacos-cef4c","lifecycleState":"ACTIVE","name":"RUNACOS","labels":{"firebase":"enabled","firebase-core":"disabled"},"createTime":"2026-03-23T22:36:15.208Z"}
[debug] [2026-04-02T09:21:35.638Z] Checked if tokens are valid: true, expires at: 1775125277608
[debug] [2026-04-02T09:21:35.638Z] Checked if tokens are valid: true, expires at: 1775125277608
[debug] [2026-04-02T09:21:35.639Z] >>> [apiv2][query] GET https://compute.googleapis.com/compute/v1/projects/889007588961 [none]
[debug] [2026-04-02T09:21:36.481Z] <<< [apiv2][status] GET https://compute.googleapis.com/compute/v1/projects/889007588961 403
[debug] [2026-04-02T09:21:36.482Z] <<< [apiv2][body] GET https://compute.googleapis.com/compute/v1/projects/889007588961 {"error":{"code":403,"message":"Compute Engine API has not been used in project 889007588961 before or it is disabled. Enable it by visiting https://console.developers.google.com/apis/api/compute.googleapis.com/overview?project=889007588961 then retry. If you enabled this API recently, wait a few minutes for the action to propagate to our systems and retry.","errors":[{"message":"Compute Engine API has not been used in project 889007588961 before or it is disabled. Enable it by visiting https://console.developers.google.com/apis/api/compute.googleapis.com/overview?project=889007588961 then retry. If you enabled this API recently, wait a few minutes for the action to propagate to our systems and retry.","domain":"usageLimits","reason":"accessNotConfigured","extendedHelp":"https://console.developers.google.com"}],"status":"PERMISSION_DENIED","details":[{"@type":"type.googleapis.com/google.rpc.ErrorInfo","reason":"SERVICE_DISABLED","domain":"googleapis.com","metadata":{"service":"compute.googleapis.com","containerInfo":"889007588961","activationUrl":"https://console.developers.google.com/apis/api/compute.googleapis.com/overview?project=889007588961","consumer":"projects/889007588961","serviceTitle":"Compute Engine API"}},{"@type":"type.googleapis.com/google.rpc.LocalizedMessage","locale":"en-US","message":"Compute Engine API has not been used in project 889007588961 before or it is disabled. Enable it by visiting https://console.developers.google.com/apis/api/compute.googleapis.com/overview?project=889007588961 then retry. If you enabled this API recently, wait a few minutes for the action to propagate to our systems and retry."},{"@type":"type.googleapis.com/google.rpc.Help","links":[{"description":"Google developers console API activation","url":"https://console.developers.google.com/apis/api/compute.googleapis.com/overview?project=889007588961"}]}]}}
[debug] [2026-04-02T09:21:36.484Z] unable to look up default compute service account. Falling back to 889007588961-compute@developer.gserviceaccount.com. Error: {"name":"FirebaseError","children":[],"context":{"body":{"error":{"code":403,"message":"Compute Engine API has not been used in project 889007588961 before or it is disabled. Enable it by visiting https://console.developers.google.com/apis/api/compute.googleapis.com/overview?project=889007588961 then retry. If you enabled this API recently, wait a few minutes for the action to propagate to our systems and retry.","errors":[{"message":"Compute Engine API has not been used in project 889007588961 before or it is disabled. Enable it by visiting https://console.developers.google.com/apis/api/compute.googleapis.com/overview?project=889007588961 then retry. If you enabled this API recently, wait a few minutes for the action to propagate to our systems and retry.","domain":"usageLimits","reason":"accessNotConfigured","extendedHelp":"https://console.developers.google.com"}],"status":"PERMISSION_DENIED","details":[{"@type":"type.googleapis.com/google.rpc.ErrorInfo","reason":"SERVICE_DISABLED","domain":"googleapis.com","metadata":{"service":"compute.googleapis.com","containerInfo":"889007588961","activationUrl":"https://console.developers.google.com/apis/api/compute.googleapis.com/overview?project=889007588961","consumer":"projects/889007588961","serviceTitle":"Compute Engine API"}},{"@type":"type.googleapis.com/google.rpc.LocalizedMessage","locale":"en-US","message":"Compute Engine API has not been used in project 889007588961 before or it is disabled. Enable it by visiting https://console.developers.google.com/apis/api/compute.googleapis.com/overview?project=889007588961 then retry. If you enabled this API recently, wait a few minutes for the action to propagate to our systems and retry."},{"@type":"type.googleapis.com/google.rpc.Help","links":[{"description":"Google developers console API activation","url":"https://console.developers.google.com/apis/api/compute.googleapis.com/overview?project=889007588961"}]}]}},"response":{"statusCode":403}},"exit":1,"message":"Request to https://compute.googleapis.com/compute/v1/projects/889007588961 had HTTP Error: 403, Compute Engine API has not been used in project 889007588961 before or it is disabled. Enable it by visiting https://console.developers.google.com/apis/api/compute.googleapis.com/overview?project=889007588961 then retry. If you enabled this API recently, wait a few minutes for the action to propagate to our systems and retry.","status":403}
[debug] [2026-04-02T09:21:36.485Z] Checked if tokens are valid: true, expires at: 1775125277608
[debug] [2026-04-02T09:21:36.485Z] Checked if tokens are valid: true, expires at: 1775125277608
[debug] [2026-04-02T09:21:36.486Z] >>> [apiv2][query] GET https://compute.googleapis.com/compute/v1/projects/889007588961 [none]
[debug] [2026-04-02T09:21:36.810Z] <<< [apiv2][status] GET https://compute.googleapis.com/compute/v1/projects/889007588961 403
[debug] [2026-04-02T09:21:36.811Z] <<< [apiv2][body] GET https://compute.googleapis.com/compute/v1/projects/889007588961 {"error":{"code":403,"message":"Compute Engine API has not been used in project 889007588961 before or it is disabled. Enable it by visiting https://console.developers.google.com/apis/api/compute.googleapis.com/overview?project=889007588961 then retry. If you enabled this API recently, wait a few minutes for the action to propagate to our systems and retry.","errors":[{"message":"Compute Engine API has not been used in project 889007588961 before or it is disabled. Enable it by visiting https://console.developers.google.com/apis/api/compute.googleapis.com/overview?project=889007588961 then retry. If you enabled this API recently, wait a few minutes for the action to propagate to our systems and retry.","domain":"usageLimits","reason":"accessNotConfigured","extendedHelp":"https://console.developers.google.com"}],"status":"PERMISSION_DENIED","details":[{"@type":"type.googleapis.com/google.rpc.ErrorInfo","reason":"SERVICE_DISABLED","domain":"googleapis.com","metadata":{"serviceTitle":"Compute Engine API","containerInfo":"889007588961","consumer":"projects/889007588961","activationUrl":"https://console.developers.google.com/apis/api/compute.googleapis.com/overview?project=889007588961","service":"compute.googleapis.com"}},{"@type":"type.googleapis.com/google.rpc.LocalizedMessage","locale":"en-US","message":"Compute Engine API has not been used in project 889007588961 before or it is disabled. Enable it by visiting https://console.developers.google.com/apis/api/compute.googleapis.com/overview?project=889007588961 then retry. If you enabled this API recently, wait a few minutes for the action to propagate to our systems and retry."},{"@type":"type.googleapis.com/google.rpc.Help","links":[{"description":"Google developers console API activation","url":"https://console.developers.google.com/apis/api/compute.googleapis.com/overview?project=889007588961"}]}]}}
[debug] [2026-04-02T09:21:36.812Z] unable to look up default compute service account. Falling back to 889007588961-compute@developer.gserviceaccount.com. Error: {"name":"FirebaseError","children":[],"context":{"body":{"error":{"code":403,"message":"Compute Engine API has not been used in project 889007588961 before or it is disabled. Enable it by visiting https://console.developers.google.com/apis/api/compute.googleapis.com/overview?project=889007588961 then retry. If you enabled this API recently, wait a few minutes for the action to propagate to our systems and retry.","errors":[{"message":"Compute Engine API has not been used in project 889007588961 before or it is disabled. Enable it by visiting https://console.developers.google.com/apis/api/compute.googleapis.com/overview?project=889007588961 then retry. If you enabled this API recently, wait a few minutes for the action to propagate to our systems and retry.","domain":"usageLimits","reason":"accessNotConfigured","extendedHelp":"https://console.developers.google.com"}],"status":"PERMISSION_DENIED","details":[{"@type":"type.googleapis.com/google.rpc.ErrorInfo","reason":"SERVICE_DISABLED","domain":"googleapis.com","metadata":{"serviceTitle":"Compute Engine API","containerInfo":"889007588961","consumer":"projects/889007588961","activationUrl":"https://console.developers.google.com/apis/api/compute.googleapis.com/overview?project=889007588961","service":"compute.googleapis.com"}},{"@type":"type.googleapis.com/google.rpc.LocalizedMessage","locale":"en-US","message":"Compute Engine API has not been used in project 889007588961 before or it is disabled. Enable it by visiting https://console.developers.google.com/apis/api/compute.googleapis.com/overview?project=889007588961 then retry. If you enabled this API recently, wait a few minutes for the action to propagate to our systems and retry."},{"@type":"type.googleapis.com/google.rpc.Help","links":[{"description":"Google developers console API activation","url":"https://console.developers.google.com/apis/api/compute.googleapis.com/overview?project=889007588961"}]}]}},"response":{"statusCode":403}},"exit":1,"message":"Request to https://compute.googleapis.com/compute/v1/projects/889007588961 had HTTP Error: 403, Compute Engine API has not been used in project 889007588961 before or it is disabled. Enable it by visiting https://console.developers.google.com/apis/api/compute.googleapis.com/overview?project=889007588961 then retry. If you enabled this API recently, wait a few minutes for the action to propagate to our systems and retry.","status":403}
[debug] [2026-04-02T09:21:36.818Z] Checked if tokens are valid: true, expires at: 1775125277608
[debug] [2026-04-02T09:21:36.819Z] Checked if tokens are valid: true, expires at: 1775125277608
[debug] [2026-04-02T09:21:36.819Z] >>> [apiv2][query] POST https://cloudfunctions.googleapis.com/v2/projects/runacos-cef4c/locations/us-central1/functions:generateUploadUrl [none]
[debug] [2026-04-02T09:21:38.243Z] <<< [apiv2][status] POST https://cloudfunctions.googleapis.com/v2/projects/runacos-cef4c/locations/us-central1/functions:generateUploadUrl 200
[debug] [2026-04-02T09:21:38.243Z] <<< [apiv2][body] POST https://cloudfunctions.googleapis.com/v2/projects/runacos-cef4c/locations/us-central1/functions:generateUploadUrl {"uploadUrl":"https://storage.googleapis.com/gcf-v2-uploads-889007588961.us-central1.cloudfunctions.appspot.com/487f1287-9d51-43d0-bba0-c5837b276179.zip?GoogleAccessId=service-889007588961@gcf-admin-robot.iam.gserviceaccount.com&Expires=1775123498&Signature=pgVDNDqnlWSOmgnaas4LENKKVB43taI%2BLBkhf3XjJhY%2Fchlm0lm2UhsEduW2mKQo3YDaXZ1dcFh5MbwYjTsHJg%2Fp6x%2BylNYwdaNH1akISak0yCQUj9hJ4vOD%2BdYcloF8igMqcbvmrjyxVuyt8fYZylRyJFfOULDvHUAU0QCjw69wJBayFGqyKY467rnXqKL0bUGb61Z8v0F8lrAWFQv91WIjBGGkF2CjHxQRIxP7XKmveDfB7OYg%2BJNhS3yX39fvUJnBDW0u%2BldMIIihS6ln4A3bicxLnF8W5RGXPXyRviCaheRX4cM1z4mQ%2BhBXXfk1secO7XqrlEhae5Y%2BsxaxEQ%3D%3D","storageSource":{"bucket":"gcf-v2-uploads-889007588961.us-central1.cloudfunctions.appspot.com","object":"487f1287-9d51-43d0-bba0-c5837b276179.zip"}}
[debug] [2026-04-02T09:21:38.245Z] >>> [apiv2][query] PUT https://storage.googleapis.com/gcf-v2-uploads-889007588961.us-central1.cloudfunctions.appspot.com/487f1287-9d51-43d0-bba0-c5837b276179.zip GoogleAccessId=service-889007588961%40gcf-admin-robot.iam.gserviceaccount.com&Expires=1775123498&Signature=pgVDNDqnlWSOmgnaas4LENKKVB43taI%2BLBkhf3XjJhY%2Fchlm0lm2UhsEduW2mKQo3YDaXZ1dcFh5MbwYjTsHJg%2Fp6x%2BylNYwdaNH1akISak0yCQUj9hJ4vOD%2BdYcloF8igMqcbvmrjyxVuyt8fYZylRyJFfOULDvHUAU0QCjw69wJBayFGqyKY467rnXqKL0bUGb61Z8v0F8lrAWFQv91WIjBGGkF2CjHxQRIxP7XKmveDfB7OYg%2BJNhS3yX39fvUJnBDW0u%2BldMIIihS6ln4A3bicxLnF8W5RGXPXyRviCaheRX4cM1z4mQ%2BhBXXfk1secO7XqrlEhae5Y%2BsxaxEQ%3D%3D
[debug] [2026-04-02T09:21:38.246Z] >>> [apiv2][body] PUT https://storage.googleapis.com/gcf-v2-uploads-889007588961.us-central1.cloudfunctions.appspot.com/487f1287-9d51-43d0-bba0-c5837b276179.zip [stream]
[debug] [2026-04-02T09:21:39.958Z] <<< [apiv2][status] PUT https://storage.googleapis.com/gcf-v2-uploads-889007588961.us-central1.cloudfunctions.appspot.com/487f1287-9d51-43d0-bba0-c5837b276179.zip 200
[debug] [2026-04-02T09:21:39.958Z] <<< [apiv2][body] PUT https://storage.googleapis.com/gcf-v2-uploads-889007588961.us-central1.cloudfunctions.appspot.com/487f1287-9d51-43d0-bba0-c5837b276179.zip [omitted]
[info] +  functions: functions source uploaded successfully 
[info] 
The following functions are found in your project but do not exist in your local source code:
	send_subs_email_newsletter_creation(us-central1)

If you are renaming a function or changing its region, it is recommended that you create the new function first before deleting the old one to prevent event loss. For more info, visit https://firebase.google.com/docs/functions/manage-functions#modify

[info] i  functions: updating Python 3.13 (2nd Gen) function send_admin_email_event_creation(us-central1)... 
[info] i  functions: updating Python 3.13 (2nd Gen) function send_admin_email_fault_creation(us-central1)... 
[info] i  functions: deleting Python 3.13 (2nd Gen) function send_subs_email_newsletter_creation(us-central1)... 
[debug] [2026-04-02T09:22:50.910Z] Checked if tokens are valid: true, expires at: 1775125277608
[debug] [2026-04-02T09:22:50.911Z] Checked if tokens are valid: true, expires at: 1775125277608
[debug] [2026-04-02T09:22:50.912Z] Checked if tokens are valid: true, expires at: 1775125277608
[debug] [2026-04-02T09:22:50.912Z] Checked if tokens are valid: true, expires at: 1775125277608
[debug] [2026-04-02T09:22:50.913Z] >>> [apiv2][query] PATCH https://cloudfunctions.googleapis.com/v2/projects/runacos-cef4c/locations/us-central1/functions/send_admin_email_event_creation updateMask=name%2CbuildConfig.runtime%2CbuildConfig.entryPoint%2CbuildConfig.source.storageSource.bucket%2CbuildConfig.source.storageSource.object%2CbuildConfig.environmentVariables%2CbuildConfig.sourceToken%2CserviceConfig.environmentVariables%2CserviceConfig.secretEnvironmentVariables%2CserviceConfig.ingressSettings%2CserviceConfig.timeoutSeconds%2CserviceConfig.serviceAccountEmail%2CserviceConfig.availableMemory%2CserviceConfig.minInstanceCount%2CserviceConfig.maxInstanceCount%2CserviceConfig.maxInstanceRequestConcurrency%2CserviceConfig.availableCpu%2Clabels%2CeventTrigger.eventType%2CeventTrigger.retryPolicy%2CeventTrigger.eventFilters%2CeventTrigger.triggerRegion
[debug] [2026-04-02T09:22:50.913Z] >>> [apiv2][body] PATCH https://cloudfunctions.googleapis.com/v2/projects/runacos-cef4c/locations/us-central1/functions/send_admin_email_event_creation {"name":"projects/runacos-cef4c/locations/us-central1/functions/send_admin_email_event_creation","buildConfig":{"runtime":"python313","entryPoint":"send_admin_email_event_creation","source":{"storageSource":{"bucket":"gcf-v2-uploads-889007588961.us-central1.cloudfunctions.appspot.com","object":"487f1287-9d51-43d0-bba0-c5837b276179.zip"}},"environmentVariables":{"GOOGLE_NODE_RUN_SCRIPTS":""}},"serviceConfig":{"environmentVariables":{"FIREBASE_CONFIG":"{\"projectId\":\"runacos-cef4c\",\"storageBucket\":\"runacos-cef4c.firebasestorage.app\"}","GCLOUD_PROJECT":"runacos-cef4c","EVENTARC_CLOUD_EVENT_SOURCE":"projects/runacos-cef4c/locations/us-central1/services/send_admin_email_event_creation","FUNCTION_SIGNATURE_TYPE":"cloudevent","FUNCTION_TARGET":"send_admin_email_event_creation","LOG_EXECUTION_ID":"true"},"secretEnvironmentVariables":[{"key":"RESEND_API_KEY","secret":"RESEND_API_KEY","projectId":"runacos-cef4c","version":"2"}],"ingressSettings":null,"timeoutSeconds":null,"serviceAccountEmail":null,"availableMemory":"256Mi","minInstanceCount":null,"maxInstanceCount":null,"maxInstanceRequestConcurrency":80,"availableCpu":"1"},"labels":{"deployment-tool":"cli-firebase","firebase-functions-hash":"326b36a16b0f60385d93ec6fec4f351be1d3a1b9"},"eventTrigger":{"eventType":"google.cloud.firestore.document.v1.created","retryPolicy":"RETRY_POLICY_DO_NOT_RETRY","eventFilters":[{"attribute":"database","value":"(default)"},{"attribute":"namespace","value":"(default)"},{"attribute":"document","value":"events/{id}","operator":"match-path-pattern"}],"triggerRegion":"us-east1"}}
[debug] [2026-04-02T09:22:50.917Z] >>> [apiv2][query] DELETE https://cloudfunctions.googleapis.com/v2/projects/runacos-cef4c/locations/us-central1/functions/send_subs_email_newsletter_creation [none]
[debug] [2026-04-02T09:22:52.440Z] <<< [apiv2][status] DELETE https://cloudfunctions.googleapis.com/v2/projects/runacos-cef4c/locations/us-central1/functions/send_subs_email_newsletter_creation 200
[debug] [2026-04-02T09:22:52.441Z] <<< [apiv2][body] DELETE https://cloudfunctions.googleapis.com/v2/projects/runacos-cef4c/locations/us-central1/functions/send_subs_email_newsletter_creation {"name":"projects/runacos-cef4c/locations/us-central1/operations/operation-1775121772654-64e76beb12e6e-d7cad2af-40f7b116","metadata":{"@type":"type.googleapis.com/google.cloud.functions.v2.OperationMetadata","createTime":"2026-04-02T09:22:52.673721168Z","target":"projects/runacos-cef4c/locations/us-central1/functions/send_subs_email_newsletter_creation","verb":"delete","cancelRequested":false,"apiVersion":"v2"},"done":false}
[debug] [2026-04-02T09:22:52.443Z] Checked if tokens are valid: true, expires at: 1775125277608
[debug] [2026-04-02T09:22:52.443Z] Checked if tokens are valid: true, expires at: 1775125277608
[debug] [2026-04-02T09:22:52.445Z] >>> [apiv2][query] GET https://cloudfunctions.googleapis.com/v2/projects/runacos-cef4c/locations/us-central1/operations/operation-1775121772654-64e76beb12e6e-d7cad2af-40f7b116 [none]
[debug] [2026-04-02T09:22:53.460Z] <<< [apiv2][status] GET https://cloudfunctions.googleapis.com/v2/projects/runacos-cef4c/locations/us-central1/operations/operation-1775121772654-64e76beb12e6e-d7cad2af-40f7b116 200
[debug] [2026-04-02T09:22:53.461Z] <<< [apiv2][body] GET https://cloudfunctions.googleapis.com/v2/projects/runacos-cef4c/locations/us-central1/operations/operation-1775121772654-64e76beb12e6e-d7cad2af-40f7b116 {"name":"projects/runacos-cef4c/locations/us-central1/operations/operation-1775121772654-64e76beb12e6e-d7cad2af-40f7b116","metadata":{"@type":"type.googleapis.com/google.cloud.functions.v2.OperationMetadata","createTime":"2026-04-02T09:22:52.673721168Z","target":"projects/runacos-cef4c/locations/us-central1/functions/send_subs_email_newsletter_creation","verb":"delete","cancelRequested":false,"apiVersion":"v2","requestResource":{"@type":"type.googleapis.com/google.cloud.functions.v2.Function","name":"projects/runacos-cef4c/locations/us-central1/functions/send_subs_email_newsletter_creation","environment":"GEN_2"},"stages":[{"name":"ARTIFACT_REGISTRY","state":"NOT_STARTED"},{"name":"SERVICE","state":"NOT_STARTED"},{"name":"TRIGGER","message":"Deleting Eventarc trigger","state":"IN_PROGRESS","resource":"projects/runacos-cef4c/locations/us-east1/triggers/send-subs-email-newsletter-creation-045446"}],"operationType":"DELETE_FUNCTION"},"done":false}
[debug] [2026-04-02T09:22:53.465Z] <<< [apiv2][status] PATCH https://cloudfunctions.googleapis.com/v2/projects/runacos-cef4c/locations/us-central1/functions/send_admin_email_event_creation 200
[debug] [2026-04-02T09:22:53.466Z] <<< [apiv2][body] PATCH https://cloudfunctions.googleapis.com/v2/projects/runacos-cef4c/locations/us-central1/functions/send_admin_email_event_creation {"name":"projects/runacos-cef4c/locations/us-central1/operations/operation-1775121772644-64e76beb1091c-f0cd3104-40b9f1fd","metadata":{"@type":"type.googleapis.com/google.cloud.functions.v2.OperationMetadata","createTime":"2026-04-02T09:22:53.652726965Z","target":"projects/runacos-cef4c/locations/us-central1/functions/send_admin_email_event_creation","verb":"update","cancelRequested":false,"apiVersion":"v2"},"done":false}
[debug] [2026-04-02T09:22:53.467Z] Checked if tokens are valid: true, expires at: 1775125277608
[debug] [2026-04-02T09:22:53.468Z] Checked if tokens are valid: true, expires at: 1775125277608
[debug] [2026-04-02T09:22:53.468Z] >>> [apiv2][query] GET https://cloudfunctions.googleapis.com/v2/projects/runacos-cef4c/locations/us-central1/operations/operation-1775121772644-64e76beb1091c-f0cd3104-40b9f1fd [none]
[debug] [2026-04-02T09:22:53.964Z] [delete-default-us-central1-send_subs_email_newsletter_creation] Retrying task index 0
[debug] [2026-04-02T09:22:53.965Z] Checked if tokens are valid: true, expires at: 1775125277608
[debug] [2026-04-02T09:22:53.965Z] Checked if tokens are valid: true, expires at: 1775125277608
[debug] [2026-04-02T09:22:53.965Z] >>> [apiv2][query] GET https://cloudfunctions.googleapis.com/v2/projects/runacos-cef4c/locations/us-central1/operations/operation-1775121772654-64e76beb12e6e-d7cad2af-40f7b116 [none]
[debug] [2026-04-02T09:22:54.321Z] <<< [apiv2][status] GET https://cloudfunctions.googleapis.com/v2/projects/runacos-cef4c/locations/us-central1/operations/operation-1775121772644-64e76beb1091c-f0cd3104-40b9f1fd 200
[debug] [2026-04-02T09:22:54.322Z] <<< [apiv2][body] GET https://cloudfunctions.googleapis.com/v2/projects/runacos-cef4c/locations/us-central1/operations/operation-1775121772644-64e76beb1091c-f0cd3104-40b9f1fd {"name":"projects/runacos-cef4c/locations/us-central1/operations/operation-1775121772644-64e76beb1091c-f0cd3104-40b9f1fd","metadata":{"@type":"type.googleapis.com/google.cloud.functions.v2.OperationMetadata","createTime":"2026-04-02T09:22:53.652726965Z","target":"projects/runacos-cef4c/locations/us-central1/functions/send_admin_email_event_creation","verb":"update","cancelRequested":false,"apiVersion":"v2","requestResource":{"@type":"type.googleapis.com/google.cloud.functions.v2.Function","name":"projects/runacos-cef4c/locations/us-central1/functions/send_admin_email_event_creation","buildConfig":{"runtime":"python313","entryPoint":"send_admin_email_event_creation","source":{"storageSource":{"bucket":"gcf-v2-sources-889007588961-us-central1","object":"send_admin_email_event_creation/function-source.zip","generation":"1775121773604591"}},"environmentVariables":{"GOOGLE_NODE_RUN_SCRIPTS":""},"dockerRepository":"projects/runacos-cef4c/locations/us-central1/repositories/gcf-artifacts","sourceProvenance":{"resolvedStorageSource":{"bucket":"gcf-v2-sources-889007588961-us-central1","object":"send_admin_email_event_creation/function-source.zip","generation":"1775096890115188"}},"dockerRegistry":"ARTIFACT_REGISTRY","serviceAccount":"projects/runacos-cef4c/serviceAccounts/889007588961-compute@developer.gserviceaccount.com","automaticUpdatePolicy":{}},"serviceConfig":{"service":"projects/runacos-cef4c/locations/us-central1/services/send-admin-email-event-creation","timeoutSeconds":60,"environmentVariables":{"FIREBASE_CONFIG":"{\"projectId\":\"runacos-cef4c\",\"storageBucket\":\"runacos-cef4c.firebasestorage.app\"}","GCLOUD_PROJECT":"runacos-cef4c","EVENTARC_CLOUD_EVENT_SOURCE":"projects/runacos-cef4c/locations/us-central1/services/send_admin_email_event_creation","FUNCTION_SIGNATURE_TYPE":"cloudevent","FUNCTION_TARGET":"send_admin_email_event_creation","LOG_EXECUTION_ID":"true"},"ingressSettings":"ALLOW_ALL","uri":"https://send-admin-email-event-creation-gftrultv5a-uc.a.run.app","serviceAccountEmail":"889007588961-compute@developer.gserviceaccount.com","availableMemory":"256Mi","allTrafficOnLatestRevision":true,"secretEnvironmentVariables":[{"key":"RESEND_API_KEY","projectId":"runacos-cef4c","secret":"RESEND_API_KEY","version":"2"}],"revision":"send-admin-email-event-creation-00003-wud","maxInstanceRequestConcurrency":80,"availableCpu":"1"},"eventTrigger":{"trigger":"projects/runacos-cef4c/locations/us-east1/triggers/send-admin-email-event-creation-783853","triggerRegion":"us-east1","eventType":"google.cloud.firestore.document.v1.created","eventFilters":[{"attribute":"database","value":"(default)"},{"attribute":"namespace","value":"(default)"},{"attribute":"document","value":"events/{id}","operator":"match-path-pattern"}],"pubsubTopic":"projects/runacos-cef4c/topics/eventarc-us-east1-send-admin-email-event-creation-783853-694","serviceAccountEmail":"889007588961-compute@developer.gserviceaccount.com","retryPolicy":"RETRY_POLICY_DO_NOT_RETRY"},"state":"ACTIVE","labels":{"deployment-tool":"cli-firebase","firebase-functions-hash":"326b36a16b0f60385d93ec6fec4f351be1d3a1b9"},"environment":"GEN_2","url":"https://us-central1-runacos-cef4c.cloudfunctions.net/send_admin_email_event_creation","satisfiesPzi":true},"stages":[{"name":"BUILD","message":"Build in progress","state":"IN_PROGRESS","resource":"projects/889007588961/locations/us-central1/builds/31c7bf95-5891-472d-96bf-3b93bc12912e","resourceUri":"https://console.cloud.google.com/cloud-build/builds;region=us-central1/31c7bf95-5891-472d-96bf-3b93bc12912e?project=889007588961"},{"name":"SERVICE","state":"NOT_STARTED"},{"name":"TRIGGER","state":"NOT_STARTED"}],"operationType":"UPDATE_FUNCTION","buildName":"projects/889007588961/locations/us-central1/builds/31c7bf95-5891-472d-96bf-3b93bc12912e"},"done":false}
[debug] [2026-04-02T09:22:54.824Z] [update-default-us-central1-send_admin_email_event_creation] Retrying task index 0
[debug] [2026-04-02T09:22:54.826Z] Checked if tokens are valid: true, expires at: 1775125277608
[debug] [2026-04-02T09:22:54.826Z] Checked if tokens are valid: true, expires at: 1775125277608
[debug] [2026-04-02T09:22:54.826Z] >>> [apiv2][query] GET https://cloudfunctions.googleapis.com/v2/projects/runacos-cef4c/locations/us-central1/operations/operation-1775121772644-64e76beb1091c-f0cd3104-40b9f1fd [none]
[debug] [2026-04-02T09:22:54.840Z] <<< [apiv2][status] GET https://cloudfunctions.googleapis.com/v2/projects/runacos-cef4c/locations/us-central1/operations/operation-1775121772654-64e76beb12e6e-d7cad2af-40f7b116 200
[debug] [2026-04-02T09:22:54.841Z] <<< [apiv2][body] GET https://cloudfunctions.googleapis.com/v2/projects/runacos-cef4c/locations/us-central1/operations/operation-1775121772654-64e76beb12e6e-d7cad2af-40f7b116 {"name":"projects/runacos-cef4c/locations/us-central1/operations/operation-1775121772654-64e76beb12e6e-d7cad2af-40f7b116","metadata":{"@type":"type.googleapis.com/google.cloud.functions.v2.OperationMetadata","createTime":"2026-04-02T09:22:52.673721168Z","target":"projects/runacos-cef4c/locations/us-central1/functions/send_subs_email_newsletter_creation","verb":"delete","cancelRequested":false,"apiVersion":"v2","requestResource":{"@type":"type.googleapis.com/google.cloud.functions.v2.Function","name":"projects/runacos-cef4c/locations/us-central1/functions/send_subs_email_newsletter_creation","environment":"GEN_2"},"stages":[{"name":"ARTIFACT_REGISTRY","state":"NOT_STARTED"},{"name":"SERVICE","state":"NOT_STARTED"},{"name":"TRIGGER","message":"Deleting Eventarc trigger","state":"IN_PROGRESS","resource":"projects/runacos-cef4c/locations/us-east1/triggers/send-subs-email-newsletter-creation-045446"}],"operationType":"DELETE_FUNCTION"},"done":false}
[debug] [2026-04-02T09:22:55.848Z] [delete-default-us-central1-send_subs_email_newsletter_creation] Retrying task index 0
[debug] [2026-04-02T09:22:55.851Z] Checked if tokens are valid: true, expires at: 1775125277608
[debug] [2026-04-02T09:22:55.852Z] Checked if tokens are valid: true, expires at: 1775125277608
[debug] [2026-04-02T09:22:55.854Z] >>> [apiv2][query] GET https://cloudfunctions.googleapis.com/v2/projects/runacos-cef4c/locations/us-central1/operations/operation-1775121772654-64e76beb12e6e-d7cad2af-40f7b116 [none]
[debug] [2026-04-02T09:22:55.871Z] <<< [apiv2][status] GET https://cloudfunctions.googleapis.com/v2/projects/runacos-cef4c/locations/us-central1/operations/operation-1775121772644-64e76beb1091c-f0cd3104-40b9f1fd 200
[debug] [2026-04-02T09:22:55.872Z] <<< [apiv2][body] GET https://cloudfunctions.googleapis.com/v2/projects/runacos-cef4c/locations/us-central1/operations/operation-1775121772644-64e76beb1091c-f0cd3104-40b9f1fd {"name":"projects/runacos-cef4c/locations/us-central1/operations/operation-1775121772644-64e76beb1091c-f0cd3104-40b9f1fd","metadata":{"@type":"type.googleapis.com/google.cloud.functions.v2.OperationMetadata","createTime":"2026-04-02T09:22:53.652726965Z","target":"projects/runacos-cef4c/locations/us-central1/functions/send_admin_email_event_creation","verb":"update","cancelRequested":false,"apiVersion":"v2","requestResource":{"@type":"type.googleapis.com/google.cloud.functions.v2.Function","name":"projects/runacos-cef4c/locations/us-central1/functions/send_admin_email_event_creation","buildConfig":{"runtime":"python313","entryPoint":"send_admin_email_event_creation","source":{"storageSource":{"bucket":"gcf-v2-sources-889007588961-us-central1","object":"send_admin_email_event_creation/function-source.zip","generation":"1775121773604591"}},"environmentVariables":{"GOOGLE_NODE_RUN_SCRIPTS":""},"dockerRepository":"projects/runacos-cef4c/locations/us-central1/repositories/gcf-artifacts","sourceProvenance":{"resolvedStorageSource":{"bucket":"gcf-v2-sources-889007588961-us-central1","object":"send_admin_email_event_creation/function-source.zip","generation":"1775096890115188"}},"dockerRegistry":"ARTIFACT_REGISTRY","serviceAccount":"projects/runacos-cef4c/serviceAccounts/889007588961-compute@developer.gserviceaccount.com","automaticUpdatePolicy":{}},"serviceConfig":{"service":"projects/runacos-cef4c/locations/us-central1/services/send-admin-email-event-creation","timeoutSeconds":60,"environmentVariables":{"FIREBASE_CONFIG":"{\"projectId\":\"runacos-cef4c\",\"storageBucket\":\"runacos-cef4c.firebasestorage.app\"}","GCLOUD_PROJECT":"runacos-cef4c","EVENTARC_CLOUD_EVENT_SOURCE":"projects/runacos-cef4c/locations/us-central1/services/send_admin_email_event_creation","FUNCTION_SIGNATURE_TYPE":"cloudevent","FUNCTION_TARGET":"send_admin_email_event_creation","LOG_EXECUTION_ID":"true"},"ingressSettings":"ALLOW_ALL","uri":"https://send-admin-email-event-creation-gftrultv5a-uc.a.run.app","serviceAccountEmail":"889007588961-compute@developer.gserviceaccount.com","availableMemory":"256Mi","allTrafficOnLatestRevision":true,"secretEnvironmentVariables":[{"key":"RESEND_API_KEY","projectId":"runacos-cef4c","secret":"RESEND_API_KEY","version":"2"}],"revision":"send-admin-email-event-creation-00003-wud","maxInstanceRequestConcurrency":80,"availableCpu":"1"},"eventTrigger":{"trigger":"projects/runacos-cef4c/locations/us-east1/triggers/send-admin-email-event-creation-783853","triggerRegion":"us-east1","eventType":"google.cloud.firestore.document.v1.created","eventFilters":[{"attribute":"database","value":"(default)"},{"attribute":"namespace","value":"(default)"},{"attribute":"document","value":"events/{id}","operator":"match-path-pattern"}],"pubsubTopic":"projects/runacos-cef4c/topics/eventarc-us-east1-send-admin-email-event-creation-783853-694","serviceAccountEmail":"889007588961-compute@developer.gserviceaccount.com","retryPolicy":"RETRY_POLICY_DO_NOT_RETRY"},"state":"ACTIVE","labels":{"deployment-tool":"cli-firebase","firebase-functions-hash":"326b36a16b0f60385d93ec6fec4f351be1d3a1b9"},"environment":"GEN_2","url":"https://us-central1-runacos-cef4c.cloudfunctions.net/send_admin_email_event_creation","satisfiesPzi":true},"stages":[{"name":"BUILD","message":"Build in progress","state":"IN_PROGRESS","resource":"projects/889007588961/locations/us-central1/builds/31c7bf95-5891-472d-96bf-3b93bc12912e","resourceUri":"https://console.cloud.google.com/cloud-build/builds;region=us-central1/31c7bf95-5891-472d-96bf-3b93bc12912e?project=889007588961"},{"name":"SERVICE","state":"NOT_STARTED"},{"name":"TRIGGER","state":"NOT_STARTED"}],"operationType":"UPDATE_FUNCTION","buildName":"projects/889007588961/locations/us-central1/builds/31c7bf95-5891-472d-96bf-3b93bc12912e"},"done":false}
[debug] [2026-04-02T09:22:56.723Z] <<< [apiv2][status] GET https://cloudfunctions.googleapis.com/v2/projects/runacos-cef4c/locations/us-central1/operations/operation-1775121772654-64e76beb12e6e-d7cad2af-40f7b116 200
[debug] [2026-04-02T09:22:56.723Z] <<< [apiv2][body] GET https://cloudfunctions.googleapis.com/v2/projects/runacos-cef4c/locations/us-central1/operations/operation-1775121772654-64e76beb12e6e-d7cad2af-40f7b116 {"name":"projects/runacos-cef4c/locations/us-central1/operations/operation-1775121772654-64e76beb12e6e-d7cad2af-40f7b116","metadata":{"@type":"type.googleapis.com/google.cloud.functions.v2.OperationMetadata","createTime":"2026-04-02T09:22:52.673721168Z","target":"projects/runacos-cef4c/locations/us-central1/functions/send_subs_email_newsletter_creation","verb":"delete","cancelRequested":false,"apiVersion":"v2","requestResource":{"@type":"type.googleapis.com/google.cloud.functions.v2.Function","name":"projects/runacos-cef4c/locations/us-central1/functions/send_subs_email_newsletter_creation","environment":"GEN_2"},"stages":[{"name":"ARTIFACT_REGISTRY","state":"NOT_STARTED"},{"name":"SERVICE","state":"NOT_STARTED"},{"name":"TRIGGER","message":"Deleting Eventarc trigger","state":"IN_PROGRESS","resource":"projects/runacos-cef4c/locations/us-east1/triggers/send-subs-email-newsletter-creation-045446"}],"operationType":"DELETE_FUNCTION"},"done":false}
[debug] [2026-04-02T09:22:56.874Z] [update-default-us-central1-send_admin_email_event_creation] Retrying task index 0
[debug] [2026-04-02T09:22:56.875Z] Checked if tokens are valid: true, expires at: 1775125277608
[debug] [2026-04-02T09:22:56.875Z] Checked if tokens are valid: true, expires at: 1775125277608
[debug] [2026-04-02T09:22:56.876Z] >>> [apiv2][query] GET https://cloudfunctions.googleapis.com/v2/projects/runacos-cef4c/locations/us-central1/operations/operation-1775121772644-64e76beb1091c-f0cd3104-40b9f1fd [none]
[debug] [2026-04-02T09:22:57.724Z] <<< [apiv2][status] GET https://cloudfunctions.googleapis.com/v2/projects/runacos-cef4c/locations/us-central1/operations/operation-1775121772644-64e76beb1091c-f0cd3104-40b9f1fd 200
[debug] [2026-04-02T09:22:57.725Z] <<< [apiv2][body] GET https://cloudfunctions.googleapis.com/v2/projects/runacos-cef4c/locations/us-central1/operations/operation-1775121772644-64e76beb1091c-f0cd3104-40b9f1fd {"name":"projects/runacos-cef4c/locations/us-central1/operations/operation-1775121772644-64e76beb1091c-f0cd3104-40b9f1fd","metadata":{"@type":"type.googleapis.com/google.cloud.functions.v2.OperationMetadata","createTime":"2026-04-02T09:22:53.652726965Z","target":"projects/runacos-cef4c/locations/us-central1/functions/send_admin_email_event_creation","verb":"update","cancelRequested":false,"apiVersion":"v2","requestResource":{"@type":"type.googleapis.com/google.cloud.functions.v2.Function","name":"projects/runacos-cef4c/locations/us-central1/functions/send_admin_email_event_creation","buildConfig":{"runtime":"python313","entryPoint":"send_admin_email_event_creation","source":{"storageSource":{"bucket":"gcf-v2-sources-889007588961-us-central1","object":"send_admin_email_event_creation/function-source.zip","generation":"1775121773604591"}},"environmentVariables":{"GOOGLE_NODE_RUN_SCRIPTS":""},"dockerRepository":"projects/runacos-cef4c/locations/us-central1/repositories/gcf-artifacts","sourceProvenance":{"resolvedStorageSource":{"bucket":"gcf-v2-sources-889007588961-us-central1","object":"send_admin_email_event_creation/function-source.zip","generation":"1775096890115188"}},"dockerRegistry":"ARTIFACT_REGISTRY","serviceAccount":"projects/runacos-cef4c/serviceAccounts/889007588961-compute@developer.gserviceaccount.com","automaticUpdatePolicy":{}},"serviceConfig":{"service":"projects/runacos-cef4c/locations/us-central1/services/send-admin-email-event-creation","timeoutSeconds":60,"environmentVariables":{"FIREBASE_CONFIG":"{\"projectId\":\"runacos-cef4c\",\"storageBucket\":\"runacos-cef4c.firebasestorage.app\"}","GCLOUD_PROJECT":"runacos-cef4c","EVENTARC_CLOUD_EVENT_SOURCE":"projects/runacos-cef4c/locations/us-central1/services/send_admin_email_event_creation","FUNCTION_SIGNATURE_TYPE":"cloudevent","FUNCTION_TARGET":"send_admin_email_event_creation","LOG_EXECUTION_ID":"true"},"ingressSettings":"ALLOW_ALL","uri":"https://send-admin-email-event-creation-gftrultv5a-uc.a.run.app","serviceAccountEmail":"889007588961-compute@developer.gserviceaccount.com","availableMemory":"256Mi","allTrafficOnLatestRevision":true,"secretEnvironmentVariables":[{"key":"RESEND_API_KEY","projectId":"runacos-cef4c","secret":"RESEND_API_KEY","version":"2"}],"revision":"send-admin-email-event-creation-00003-wud","maxInstanceRequestConcurrency":80,"availableCpu":"1"},"eventTrigger":{"trigger":"projects/runacos-cef4c/locations/us-east1/triggers/send-admin-email-event-creation-783853","triggerRegion":"us-east1","eventType":"google.cloud.firestore.document.v1.created","eventFilters":[{"attribute":"database","value":"(default)"},{"attribute":"namespace","value":"(default)"},{"attribute":"document","value":"events/{id}","operator":"match-path-pattern"}],"pubsubTopic":"projects/runacos-cef4c/topics/eventarc-us-east1-send-admin-email-event-creation-783853-694","serviceAccountEmail":"889007588961-compute@developer.gserviceaccount.com","retryPolicy":"RETRY_POLICY_DO_NOT_RETRY"},"state":"ACTIVE","labels":{"deployment-tool":"cli-firebase","firebase-functions-hash":"326b36a16b0f60385d93ec6fec4f351be1d3a1b9"},"environment":"GEN_2","url":"https://us-central1-runacos-cef4c.cloudfunctions.net/send_admin_email_event_creation","satisfiesPzi":true},"stages":[{"name":"BUILD","message":"Build in progress","state":"IN_PROGRESS","resource":"projects/889007588961/locations/us-central1/builds/31c7bf95-5891-472d-96bf-3b93bc12912e","resourceUri":"https://console.cloud.google.com/cloud-build/builds;region=us-central1/31c7bf95-5891-472d-96bf-3b93bc12912e?project=889007588961"},{"name":"SERVICE","state":"NOT_STARTED"},{"name":"TRIGGER","state":"NOT_STARTED"}],"operationType":"UPDATE_FUNCTION","buildName":"projects/889007588961/locations/us-central1/builds/31c7bf95-5891-472d-96bf-3b93bc12912e"},"done":false}
[debug] [2026-04-02T09:22:58.737Z] [delete-default-us-central1-send_subs_email_newsletter_creation] Retrying task index 0
[debug] [2026-04-02T09:22:58.738Z] Checked if tokens are valid: true, expires at: 1775125277608
[debug] [2026-04-02T09:22:58.738Z] Checked if tokens are valid: true, expires at: 1775125277608
[debug] [2026-04-02T09:22:58.739Z] >>> [apiv2][query] GET https://cloudfunctions.googleapis.com/v2/projects/runacos-cef4c/locations/us-central1/operations/operation-1775121772654-64e76beb12e6e-d7cad2af-40f7b116 [none]
[debug] [2026-04-02T09:22:59.605Z] <<< [apiv2][status] GET https://cloudfunctions.googleapis.com/v2/projects/runacos-cef4c/locations/us-central1/operations/operation-1775121772654-64e76beb12e6e-d7cad2af-40f7b116 200
[debug] [2026-04-02T09:22:59.605Z] <<< [apiv2][body] GET https://cloudfunctions.googleapis.com/v2/projects/runacos-cef4c/locations/us-central1/operations/operation-1775121772654-64e76beb12e6e-d7cad2af-40f7b116 {"name":"projects/runacos-cef4c/locations/us-central1/operations/operation-1775121772654-64e76beb12e6e-d7cad2af-40f7b116","metadata":{"@type":"type.googleapis.com/google.cloud.functions.v2.OperationMetadata","createTime":"2026-04-02T09:22:52.673721168Z","target":"projects/runacos-cef4c/locations/us-central1/functions/send_subs_email_newsletter_creation","verb":"delete","cancelRequested":false,"apiVersion":"v2","requestResource":{"@type":"type.googleapis.com/google.cloud.functions.v2.Function","name":"projects/runacos-cef4c/locations/us-central1/functions/send_subs_email_newsletter_creation","environment":"GEN_2"},"stages":[{"name":"ARTIFACT_REGISTRY","state":"NOT_STARTED"},{"name":"SERVICE","state":"NOT_STARTED"},{"name":"TRIGGER","message":"Deleting Eventarc trigger","state":"IN_PROGRESS","resource":"projects/runacos-cef4c/locations/us-east1/triggers/send-subs-email-newsletter-creation-045446"}],"operationType":"DELETE_FUNCTION"},"done":false}
[debug] [2026-04-02T09:22:59.735Z] [update-default-us-central1-send_admin_email_event_creation] Retrying task index 0
[debug] [2026-04-02T09:22:59.737Z] Checked if tokens are valid: true, expires at: 1775125277608
[debug] [2026-04-02T09:22:59.737Z] Checked if tokens are valid: true, expires at: 1775125277608
[debug] [2026-04-02T09:22:59.738Z] >>> [apiv2][query] GET https://cloudfunctions.googleapis.com/v2/projects/runacos-cef4c/locations/us-central1/operations/operation-1775121772644-64e76beb1091c-f0cd3104-40b9f1fd [none]
[debug] [2026-04-02T09:23:00.580Z] <<< [apiv2][status] GET https://cloudfunctions.googleapis.com/v2/projects/runacos-cef4c/locations/us-central1/operations/operation-1775121772644-64e76beb1091c-f0cd3104-40b9f1fd 200
[debug] [2026-04-02T09:23:00.581Z] <<< [apiv2][body] GET https://cloudfunctions.googleapis.com/v2/projects/runacos-cef4c/locations/us-central1/operations/operation-1775121772644-64e76beb1091c-f0cd3104-40b9f1fd {"name":"projects/runacos-cef4c/locations/us-central1/operations/operation-1775121772644-64e76beb1091c-f0cd3104-40b9f1fd","metadata":{"@type":"type.googleapis.com/google.cloud.functions.v2.OperationMetadata","createTime":"2026-04-02T09:22:53.652726965Z","target":"projects/runacos-cef4c/locations/us-central1/functions/send_admin_email_event_creation","verb":"update","cancelRequested":false,"apiVersion":"v2","requestResource":{"@type":"type.googleapis.com/google.cloud.functions.v2.Function","name":"projects/runacos-cef4c/locations/us-central1/functions/send_admin_email_event_creation","buildConfig":{"runtime":"python313","entryPoint":"send_admin_email_event_creation","source":{"storageSource":{"bucket":"gcf-v2-sources-889007588961-us-central1","object":"send_admin_email_event_creation/function-source.zip","generation":"1775121773604591"}},"environmentVariables":{"GOOGLE_NODE_RUN_SCRIPTS":""},"dockerRepository":"projects/runacos-cef4c/locations/us-central1/repositories/gcf-artifacts","sourceProvenance":{"resolvedStorageSource":{"bucket":"gcf-v2-sources-889007588961-us-central1","object":"send_admin_email_event_creation/function-source.zip","generation":"1775096890115188"}},"dockerRegistry":"ARTIFACT_REGISTRY","serviceAccount":"projects/runacos-cef4c/serviceAccounts/889007588961-compute@developer.gserviceaccount.com","automaticUpdatePolicy":{}},"serviceConfig":{"service":"projects/runacos-cef4c/locations/us-central1/services/send-admin-email-event-creation","timeoutSeconds":60,"environmentVariables":{"FIREBASE_CONFIG":"{\"projectId\":\"runacos-cef4c\",\"storageBucket\":\"runacos-cef4c.firebasestorage.app\"}","GCLOUD_PROJECT":"runacos-cef4c","EVENTARC_CLOUD_EVENT_SOURCE":"projects/runacos-cef4c/locations/us-central1/services/send_admin_email_event_creation","FUNCTION_SIGNATURE_TYPE":"cloudevent","FUNCTION_TARGET":"send_admin_email_event_creation","LOG_EXECUTION_ID":"true"},"ingressSettings":"ALLOW_ALL","uri":"https://send-admin-email-event-creation-gftrultv5a-uc.a.run.app","serviceAccountEmail":"889007588961-compute@developer.gserviceaccount.com","availableMemory":"256Mi","allTrafficOnLatestRevision":true,"secretEnvironmentVariables":[{"key":"RESEND_API_KEY","projectId":"runacos-cef4c","secret":"RESEND_API_KEY","version":"2"}],"revision":"send-admin-email-event-creation-00003-wud","maxInstanceRequestConcurrency":80,"availableCpu":"1"},"eventTrigger":{"trigger":"projects/runacos-cef4c/locations/us-east1/triggers/send-admin-email-event-creation-783853","triggerRegion":"us-east1","eventType":"google.cloud.firestore.document.v1.created","eventFilters":[{"attribute":"database","value":"(default)"},{"attribute":"namespace","value":"(default)"},{"attribute":"document","value":"events/{id}","operator":"match-path-pattern"}],"pubsubTopic":"projects/runacos-cef4c/topics/eventarc-us-east1-send-admin-email-event-creation-783853-694","serviceAccountEmail":"889007588961-compute@developer.gserviceaccount.com","retryPolicy":"RETRY_POLICY_DO_NOT_RETRY"},"state":"ACTIVE","labels":{"deployment-tool":"cli-firebase","firebase-functions-hash":"326b36a16b0f60385d93ec6fec4f351be1d3a1b9"},"environment":"GEN_2","url":"https://us-central1-runacos-cef4c.cloudfunctions.net/send_admin_email_event_creation","satisfiesPzi":true},"stages":[{"name":"BUILD","message":"Build in progress","state":"IN_PROGRESS","resource":"projects/889007588961/locations/us-central1/builds/31c7bf95-5891-472d-96bf-3b93bc12912e","resourceUri":"https://console.cloud.google.com/cloud-build/builds;region=us-central1/31c7bf95-5891-472d-96bf-3b93bc12912e?project=889007588961"},{"name":"SERVICE","state":"NOT_STARTED"},{"name":"TRIGGER","state":"NOT_STARTED"}],"operationType":"UPDATE_FUNCTION","buildName":"projects/889007588961/locations/us-central1/builds/31c7bf95-5891-472d-96bf-3b93bc12912e"},"done":false}
[debug] [2026-04-02T09:23:03.612Z] [delete-default-us-central1-send_subs_email_newsletter_creation] Retrying task index 0
[debug] [2026-04-02T09:23:03.612Z] Checked if tokens are valid: true, expires at: 1775125277608
[debug] [2026-04-02T09:23:03.612Z] Checked if tokens are valid: true, expires at: 1775125277608
[debug] [2026-04-02T09:23:03.613Z] >>> [apiv2][query] GET https://cloudfunctions.googleapis.com/v2/projects/runacos-cef4c/locations/us-central1/operations/operation-1775121772654-64e76beb12e6e-d7cad2af-40f7b116 [none]
[debug] [2026-04-02T09:23:04.596Z] [update-default-us-central1-send_admin_email_event_creation] Retrying task index 0
[debug] [2026-04-02T09:23:04.598Z] Checked if tokens are valid: true, expires at: 1775125277608
[debug] [2026-04-02T09:23:04.598Z] Checked if tokens are valid: true, expires at: 1775125277608
[debug] [2026-04-02T09:23:04.599Z] >>> [apiv2][query] GET https://cloudfunctions.googleapis.com/v2/projects/runacos-cef4c/locations/us-central1/operations/operation-1775121772644-64e76beb1091c-f0cd3104-40b9f1fd [none]
[debug] [2026-04-02T09:23:04.618Z] <<< [apiv2][status] GET https://cloudfunctions.googleapis.com/v2/projects/runacos-cef4c/locations/us-central1/operations/operation-1775121772654-64e76beb12e6e-d7cad2af-40f7b116 200
[debug] [2026-04-02T09:23:04.619Z] <<< [apiv2][body] GET https://cloudfunctions.googleapis.com/v2/projects/runacos-cef4c/locations/us-central1/operations/operation-1775121772654-64e76beb12e6e-d7cad2af-40f7b116 {"name":"projects/runacos-cef4c/locations/us-central1/operations/operation-1775121772654-64e76beb12e6e-d7cad2af-40f7b116","metadata":{"@type":"type.googleapis.com/google.cloud.functions.v2.OperationMetadata","createTime":"2026-04-02T09:22:52.673721168Z","endTime":"2026-04-02T09:23:03.977670349Z","target":"projects/runacos-cef4c/locations/us-central1/functions/send_subs_email_newsletter_creation","verb":"delete","cancelRequested":false,"apiVersion":"v2","requestResource":{"@type":"type.googleapis.com/google.cloud.functions.v2.Function","name":"projects/runacos-cef4c/locations/us-central1/functions/send_subs_email_newsletter_creation","environment":"GEN_2"},"stages":[{"name":"ARTIFACT_REGISTRY","message":"Deleting function artifacts in Artifact Registry","state":"COMPLETE"},{"name":"SERVICE","message":"Deleting Cloud Run service","state":"COMPLETE","resource":"projects/runacos-cef4c/locations/us-central1/services/send-subs-email-newsletter-creation"},{"name":"TRIGGER","message":"Deleting Eventarc trigger","state":"COMPLETE","resource":"projects/runacos-cef4c/locations/us-east1/triggers/send-subs-email-newsletter-creation-045446"}],"operationType":"DELETE_FUNCTION"},"done":true,"response":{"@type":"type.googleapis.com/google.protobuf.Empty"}}
[info] +  functions[send_subs_email_newsletter_creation(us-central1)] Successful delete operation. 
[debug] [2026-04-02T09:23:05.894Z] <<< [apiv2][status] GET https://cloudfunctions.googleapis.com/v2/projects/runacos-cef4c/locations/us-central1/operations/operation-1775121772644-64e76beb1091c-f0cd3104-40b9f1fd 200
[debug] [2026-04-02T09:23:05.895Z] <<< [apiv2][body] GET https://cloudfunctions.googleapis.com/v2/projects/runacos-cef4c/locations/us-central1/operations/operation-1775121772644-64e76beb1091c-f0cd3104-40b9f1fd {"name":"projects/runacos-cef4c/locations/us-central1/operations/operation-1775121772644-64e76beb1091c-f0cd3104-40b9f1fd","metadata":{"@type":"type.googleapis.com/google.cloud.functions.v2.OperationMetadata","createTime":"2026-04-02T09:22:53.652726965Z","target":"projects/runacos-cef4c/locations/us-central1/functions/send_admin_email_event_creation","verb":"update","cancelRequested":false,"apiVersion":"v2","requestResource":{"@type":"type.googleapis.com/google.cloud.functions.v2.Function","name":"projects/runacos-cef4c/locations/us-central1/functions/send_admin_email_event_creation","buildConfig":{"runtime":"python313","entryPoint":"send_admin_email_event_creation","source":{"storageSource":{"bucket":"gcf-v2-sources-889007588961-us-central1","object":"send_admin_email_event_creation/function-source.zip","generation":"1775121773604591"}},"environmentVariables":{"GOOGLE_NODE_RUN_SCRIPTS":""},"dockerRepository":"projects/runacos-cef4c/locations/us-central1/repositories/gcf-artifacts","sourceProvenance":{"resolvedStorageSource":{"bucket":"gcf-v2-sources-889007588961-us-central1","object":"send_admin_email_event_creation/function-source.zip","generation":"1775096890115188"}},"dockerRegistry":"ARTIFACT_REGISTRY","serviceAccount":"projects/runacos-cef4c/serviceAccounts/889007588961-compute@developer.gserviceaccount.com","automaticUpdatePolicy":{}},"serviceConfig":{"service":"projects/runacos-cef4c/locations/us-central1/services/send-admin-email-event-creation","timeoutSeconds":60,"environmentVariables":{"FIREBASE_CONFIG":"{\"projectId\":\"runacos-cef4c\",\"storageBucket\":\"runacos-cef4c.firebasestorage.app\"}","GCLOUD_PROJECT":"runacos-cef4c","EVENTARC_CLOUD_EVENT_SOURCE":"projects/runacos-cef4c/locations/us-central1/services/send_admin_email_event_creation","FUNCTION_SIGNATURE_TYPE":"cloudevent","FUNCTION_TARGET":"send_admin_email_event_creation","LOG_EXECUTION_ID":"true"},"ingressSettings":"ALLOW_ALL","uri":"https://send-admin-email-event-creation-gftrultv5a-uc.a.run.app","serviceAccountEmail":"889007588961-compute@developer.gserviceaccount.com","availableMemory":"256Mi","allTrafficOnLatestRevision":true,"secretEnvironmentVariables":[{"key":"RESEND_API_KEY","projectId":"runacos-cef4c","secret":"RESEND_API_KEY","version":"2"}],"revision":"send-admin-email-event-creation-00003-wud","maxInstanceRequestConcurrency":80,"availableCpu":"1"},"eventTrigger":{"trigger":"projects/runacos-cef4c/locations/us-east1/triggers/send-admin-email-event-creation-783853","triggerRegion":"us-east1","eventType":"google.cloud.firestore.document.v1.created","eventFilters":[{"attribute":"database","value":"(default)"},{"attribute":"namespace","value":"(default)"},{"attribute":"document","value":"events/{id}","operator":"match-path-pattern"}],"pubsubTopic":"projects/runacos-cef4c/topics/eventarc-us-east1-send-admin-email-event-creation-783853-694","serviceAccountEmail":"889007588961-compute@developer.gserviceaccount.com","retryPolicy":"RETRY_POLICY_DO_NOT_RETRY"},"state":"ACTIVE","labels":{"deployment-tool":"cli-firebase","firebase-functions-hash":"326b36a16b0f60385d93ec6fec4f351be1d3a1b9"},"environment":"GEN_2","url":"https://us-central1-runacos-cef4c.cloudfunctions.net/send_admin_email_event_creation","satisfiesPzi":true},"stages":[{"name":"BUILD","message":"Build in progress","state":"IN_PROGRESS","resource":"projects/889007588961/locations/us-central1/builds/31c7bf95-5891-472d-96bf-3b93bc12912e","resourceUri":"https://console.cloud.google.com/cloud-build/builds;region=us-central1/31c7bf95-5891-472d-96bf-3b93bc12912e?project=889007588961"},{"name":"SERVICE","state":"NOT_STARTED"},{"name":"TRIGGER","state":"NOT_STARTED"}],"operationType":"UPDATE_FUNCTION","buildName":"projects/889007588961/locations/us-central1/builds/31c7bf95-5891-472d-96bf-3b93bc12912e"},"done":false}
[debug] [2026-04-02T09:23:13.898Z] [update-default-us-central1-send_admin_email_event_creation] Retrying task index 0
[debug] [2026-04-02T09:23:13.899Z] Checked if tokens are valid: true, expires at: 1775125277608
[debug] [2026-04-02T09:23:13.899Z] Checked if tokens are valid: true, expires at: 1775125277608
[debug] [2026-04-02T09:23:13.900Z] >>> [apiv2][query] GET https://cloudfunctions.googleapis.com/v2/projects/runacos-cef4c/locations/us-central1/operations/operation-1775121772644-64e76beb1091c-f0cd3104-40b9f1fd [none]
[debug] [2026-04-02T09:23:15.267Z] <<< [apiv2][status] GET https://cloudfunctions.googleapis.com/v2/projects/runacos-cef4c/locations/us-central1/operations/operation-1775121772644-64e76beb1091c-f0cd3104-40b9f1fd 200
[debug] [2026-04-02T09:23:15.268Z] <<< [apiv2][body] GET https://cloudfunctions.googleapis.com/v2/projects/runacos-cef4c/locations/us-central1/operations/operation-1775121772644-64e76beb1091c-f0cd3104-40b9f1fd {"name":"projects/runacos-cef4c/locations/us-central1/operations/operation-1775121772644-64e76beb1091c-f0cd3104-40b9f1fd","metadata":{"@type":"type.googleapis.com/google.cloud.functions.v2.OperationMetadata","createTime":"2026-04-02T09:22:53.652726965Z","target":"projects/runacos-cef4c/locations/us-central1/functions/send_admin_email_event_creation","verb":"update","cancelRequested":false,"apiVersion":"v2","requestResource":{"@type":"type.googleapis.com/google.cloud.functions.v2.Function","name":"projects/runacos-cef4c/locations/us-central1/functions/send_admin_email_event_creation","buildConfig":{"runtime":"python313","entryPoint":"send_admin_email_event_creation","source":{"storageSource":{"bucket":"gcf-v2-sources-889007588961-us-central1","object":"send_admin_email_event_creation/function-source.zip","generation":"1775121773604591"}},"environmentVariables":{"GOOGLE_NODE_RUN_SCRIPTS":""},"dockerRepository":"projects/runacos-cef4c/locations/us-central1/repositories/gcf-artifacts","sourceProvenance":{"resolvedStorageSource":{"bucket":"gcf-v2-sources-889007588961-us-central1","object":"send_admin_email_event_creation/function-source.zip","generation":"1775096890115188"}},"dockerRegistry":"ARTIFACT_REGISTRY","serviceAccount":"projects/runacos-cef4c/serviceAccounts/889007588961-compute@developer.gserviceaccount.com","automaticUpdatePolicy":{}},"serviceConfig":{"service":"projects/runacos-cef4c/locations/us-central1/services/send-admin-email-event-creation","timeoutSeconds":60,"environmentVariables":{"FIREBASE_CONFIG":"{\"projectId\":\"runacos-cef4c\",\"storageBucket\":\"runacos-cef4c.firebasestorage.app\"}","GCLOUD_PROJECT":"runacos-cef4c","EVENTARC_CLOUD_EVENT_SOURCE":"projects/runacos-cef4c/locations/us-central1/services/send_admin_email_event_creation","FUNCTION_SIGNATURE_TYPE":"cloudevent","FUNCTION_TARGET":"send_admin_email_event_creation","LOG_EXECUTION_ID":"true"},"ingressSettings":"ALLOW_ALL","uri":"https://send-admin-email-event-creation-gftrultv5a-uc.a.run.app","serviceAccountEmail":"889007588961-compute@developer.gserviceaccount.com","availableMemory":"256Mi","allTrafficOnLatestRevision":true,"secretEnvironmentVariables":[{"key":"RESEND_API_KEY","projectId":"runacos-cef4c","secret":"RESEND_API_KEY","version":"2"}],"revision":"send-admin-email-event-creation-00003-wud","maxInstanceRequestConcurrency":80,"availableCpu":"1"},"eventTrigger":{"trigger":"projects/runacos-cef4c/locations/us-east1/triggers/send-admin-email-event-creation-783853","triggerRegion":"us-east1","eventType":"google.cloud.firestore.document.v1.created","eventFilters":[{"attribute":"database","value":"(default)"},{"attribute":"namespace","value":"(default)"},{"attribute":"document","value":"events/{id}","operator":"match-path-pattern"}],"pubsubTopic":"projects/runacos-cef4c/topics/eventarc-us-east1-send-admin-email-event-creation-783853-694","serviceAccountEmail":"889007588961-compute@developer.gserviceaccount.com","retryPolicy":"RETRY_POLICY_DO_NOT_RETRY"},"state":"ACTIVE","labels":{"deployment-tool":"cli-firebase","firebase-functions-hash":"326b36a16b0f60385d93ec6fec4f351be1d3a1b9"},"environment":"GEN_2","url":"https://us-central1-runacos-cef4c.cloudfunctions.net/send_admin_email_event_creation","satisfiesPzi":true},"stages":[{"name":"BUILD","message":"Build in progress","state":"IN_PROGRESS","resource":"projects/889007588961/locations/us-central1/builds/31c7bf95-5891-472d-96bf-3b93bc12912e","resourceUri":"https://console.cloud.google.com/cloud-build/builds;region=us-central1/31c7bf95-5891-472d-96bf-3b93bc12912e?project=889007588961"},{"name":"SERVICE","state":"NOT_STARTED"},{"name":"TRIGGER","state":"NOT_STARTED"}],"operationType":"UPDATE_FUNCTION","buildName":"projects/889007588961/locations/us-central1/builds/31c7bf95-5891-472d-96bf-3b93bc12912e"},"done":false}
